2023-08-03 21:26:21,933 Config: {
    "dir": "seg_experiments",
    "epochs": 100,
    "img_size": [
        384,
        640
    ],
    "mastr_root": "/storage/private/student-vicos/MaSTr1325/MaSTr1325_images_512x384",
    "msf_model_path": "/home/ziga/self-mono-sf/checkpoints/modd2/checkpoint_best.ckpt",
    "random_seed": 0,
    "seg_head": "conv",
    "seg_model": "corr",
    "training_batch_size": 2,
    "validation_batch_size": 1
}
2023-08-03 21:26:21,936 Index file: /home/ziga/self-mono-sf/datasets/index_generator/provided/mastr_files.txt
2023-08-03 21:26:21,936 Images root: /storage/private/student-vicos/MaSTr1325/MaSTr1325_images_512x384
2023-08-03 21:26:21,937 Annotations root: /storage/private/student-vicos/MaSTr1325/MaSTr1325_masks_512x384
2023-08-03 21:26:21,938 Number of images: 1325
2023-08-03 21:26:22,072 Number of images: 1289
2023-08-03 21:26:22,072 Number of examples: 1289
2023-08-03 21:26:22,149 Initializing MSRA
2023-08-03 21:28:45,217 Saving model with validation loss 0.5262936331607677
2023-08-03 21:28:45,237 Epoch: 0 Training Loss: 0.6303620743751526 Validation Loss: 0.5262936331607677 Time: 141.68042540550232 Train Time: 116.40727949142456 Valid Time: 25.27314591407776
2023-08-03 21:31:00,988 Saving model with validation loss 0.4327833937904822
2023-08-03 21:31:00,997 Epoch: 1 Training Loss: 0.4703540639443831 Validation Loss: 0.4327833937904822 Time: 135.7498495578766 Train Time: 111.41603755950928 Valid Time: 24.33381199836731
2023-08-03 21:33:14,387 Saving model with validation loss 0.3843376677503031
2023-08-03 21:33:14,398 Epoch: 2 Training Loss: 0.40836527439680964 Validation Loss: 0.3843376677503031 Time: 133.39015674591064 Train Time: 109.58473896980286 Valid Time: 23.805417776107788
2023-08-03 21:35:37,213 Saving model with validation loss 0.36070180617312275
2023-08-03 21:35:37,220 Epoch: 3 Training Loss: 0.3695885503292084 Validation Loss: 0.36070180617312275 Time: 142.814359664917 Train Time: 114.78420186042786 Valid Time: 28.030157804489136
2023-08-03 21:37:58,058 Saving model with validation loss 0.34130944280081954
2023-08-03 21:37:58,068 Epoch: 4 Training Loss: 0.3472278802503239 Validation Loss: 0.34130944280081954 Time: 140.83767127990723 Train Time: 115.45472621917725 Valid Time: 25.38294506072998
2023-08-03 21:40:21,691 Saving model with validation loss 0.3175688358368697
2023-08-03 21:40:21,699 Epoch: 5 Training Loss: 0.3263362029736692 Validation Loss: 0.3175688358368697 Time: 143.62207698822021 Train Time: 118.13188242912292 Valid Time: 25.49019455909729
2023-08-03 21:42:45,254 Saving model with validation loss 0.30501255487638806
2023-08-03 21:42:45,269 Epoch: 6 Training Loss: 0.30591941779310056 Validation Loss: 0.30501255487638806 Time: 143.55509638786316 Train Time: 117.35821294784546 Valid Time: 26.1968834400177
2023-08-03 21:45:12,689 Saving model with validation loss 0.29507106321829335
2023-08-03 21:45:12,697 Epoch: 7 Training Loss: 0.29543647953055124 Validation Loss: 0.29507106321829335 Time: 147.4190285205841 Train Time: 120.3202133178711 Valid Time: 27.098815202713013
2023-08-03 21:47:38,414 Saving model with validation loss 0.28858211329058997
2023-08-03 21:47:38,423 Epoch: 8 Training Loss: 0.2889592032269998 Validation Loss: 0.28858211329058997 Time: 145.71605277061462 Train Time: 119.32476854324341 Valid Time: 26.391284227371216
2023-08-03 21:50:03,215 Saving model with validation loss 0.28425096897851854
2023-08-03 21:50:03,223 Epoch: 9 Training Loss: 0.28363879000598735 Validation Loss: 0.28425096897851854 Time: 144.79037356376648 Train Time: 118.36405992507935 Valid Time: 26.426313638687134
2023-08-03 21:52:21,914 Saving model with validation loss 0.27864966805649816
2023-08-03 21:52:21,925 Epoch: 10 Training Loss: 0.2788836347785863 Validation Loss: 0.27864966805649816 Time: 138.69067001342773 Train Time: 113.93130159378052 Valid Time: 24.759368419647217
2023-08-03 21:54:46,536 Saving model with validation loss 0.27659762946386185
2023-08-03 21:54:46,546 Epoch: 11 Training Loss: 0.27522146211429077 Validation Loss: 0.27659762946386185 Time: 144.61101174354553 Train Time: 118.81198620796204 Valid Time: 25.799025535583496
2023-08-03 21:57:04,933 Saving model with validation loss 0.2741329511479726
2023-08-03 21:57:04,939 Epoch: 12 Training Loss: 0.27206073844974693 Validation Loss: 0.2741329511479726 Time: 138.38587093353271 Train Time: 111.19269895553589 Valid Time: 27.193171977996826
2023-08-03 21:59:27,981 Saving model with validation loss 0.2716958864183022
2023-08-03 21:59:27,989 Epoch: 13 Training Loss: 0.2695671545104547 Validation Loss: 0.2716958864183022 Time: 143.0407693386078 Train Time: 115.82692646980286 Valid Time: 27.21384286880493
2023-08-03 22:01:54,123 Epoch: 14 Training Loss: 0.26717877081849356 Validation Loss: 0.27202206069514867 Time: 146.1339237689972 Train Time: 119.24806666374207 Valid Time: 26.885857105255127
2023-08-03 22:04:13,686 Saving model with validation loss 0.2660599661567224
2023-08-03 22:04:13,696 Epoch: 15 Training Loss: 0.2653736774758859 Validation Loss: 0.2660599661567224 Time: 139.56236577033997 Train Time: 113.46218705177307 Valid Time: 26.100178718566895
2023-08-03 22:06:32,378 Saving model with validation loss 0.26448031171919806
2023-08-03 22:06:32,386 Epoch: 16 Training Loss: 0.26303053601221604 Validation Loss: 0.26448031171919806 Time: 138.68154668807983 Train Time: 113.53105473518372 Valid Time: 25.150491952896118
2023-08-03 22:08:55,271 Saving model with validation loss 0.2627702311233238
2023-08-03 22:08:55,416 Epoch: 17 Training Loss: 0.2621427654678171 Validation Loss: 0.2627702311233238 Time: 142.88448548316956 Train Time: 119.13689684867859 Valid Time: 23.747588634490967
2023-08-03 22:11:20,562 Epoch: 18 Training Loss: 0.26037190486084333 Validation Loss: 0.26440615739141193 Time: 145.14605021476746 Train Time: 117.155020236969 Valid Time: 27.991029977798462
2023-08-03 22:13:42,833 Saving model with validation loss 0.26157475590075135
2023-08-03 22:13:42,841 Epoch: 19 Training Loss: 0.2586486201394688 Validation Loss: 0.26157475590075135 Time: 142.2695472240448 Train Time: 116.47458863258362 Valid Time: 25.79495859146118
2023-08-03 22:16:06,226 Saving model with validation loss 0.25902615929091416
2023-08-03 22:16:06,235 Epoch: 20 Training Loss: 0.2574927772717042 Validation Loss: 0.25902615929091416 Time: 143.38412499427795 Train Time: 119.01097059249878 Valid Time: 24.373154401779175
2023-08-03 22:18:31,964 Epoch: 21 Training Loss: 0.25652682052417236 Validation Loss: 0.26270037447964706 Time: 145.7292284965515 Train Time: 122.02151584625244 Valid Time: 23.707712650299072
2023-08-03 22:20:49,433 Epoch: 22 Training Loss: 0.25594863379543475 Validation Loss: 0.25965276549732874 Time: 137.46776914596558 Train Time: 113.6296923160553 Valid Time: 23.83807682991028
2023-08-03 22:23:10,228 Saving model with validation loss 0.256106241591393
2023-08-03 22:23:10,237 Epoch: 23 Training Loss: 0.2538862898403948 Validation Loss: 0.256106241591393 Time: 140.79353380203247 Train Time: 116.08606219291687 Valid Time: 24.7074716091156
2023-08-03 22:25:32,149 Epoch: 24 Training Loss: 0.2532570577751507 Validation Loss: 0.260370178355111 Time: 141.91153287887573 Train Time: 115.90407085418701 Valid Time: 26.00746202468872
2023-08-03 22:27:56,527 Saving model with validation loss 0.25374553853241855
2023-08-03 22:27:56,536 Epoch: 25 Training Loss: 0.2515611903504892 Validation Loss: 0.25374553853241855 Time: 144.37688398361206 Train Time: 118.49594354629517 Valid Time: 25.880940437316895
2023-08-03 22:30:19,753 Saving model with validation loss 0.2530645314978544
2023-08-03 22:30:19,761 Epoch: 26 Training Loss: 0.25060766715895044 Validation Loss: 0.2530645314978544 Time: 143.21617007255554 Train Time: 116.43163895606995 Valid Time: 26.784531116485596
2023-08-03 22:32:41,222 Epoch: 27 Training Loss: 0.24978010846809906 Validation Loss: 0.2550831743018337 Time: 141.45987462997437 Train Time: 115.29251527786255 Valid Time: 26.167359352111816
2023-08-03 22:35:05,391 Saving model with validation loss 0.24985255395609235
2023-08-03 22:35:05,399 Epoch: 28 Training Loss: 0.24819589701565828 Validation Loss: 0.24985255395609235 Time: 144.16815972328186 Train Time: 118.28389620780945 Valid Time: 25.884263515472412
2023-08-03 22:37:30,563 Saving model with validation loss 0.24978358696692834
2023-08-03 22:37:30,571 Epoch: 29 Training Loss: 0.24723371009935033 Validation Loss: 0.24978358696692834 Time: 145.16282486915588 Train Time: 119.90132021903992 Valid Time: 25.261504650115967
2023-08-03 22:39:50,207 Saving model with validation loss 0.24822291045907943
2023-08-03 22:39:50,215 Epoch: 30 Training Loss: 0.24588023150509053 Validation Loss: 0.24822291045907943 Time: 139.63559699058533 Train Time: 114.13715767860413 Valid Time: 25.4984393119812
2023-08-03 22:42:07,292 Epoch: 31 Training Loss: 0.24421558090231635 Validation Loss: 0.24984235288920226 Time: 137.0766944885254 Train Time: 111.02725291252136 Valid Time: 26.04944157600403
2023-08-03 22:44:31,542 Saving model with validation loss 0.2438688173338219
2023-08-03 22:44:31,551 Epoch: 32 Training Loss: 0.24255976861173456 Validation Loss: 0.2438688173338219 Time: 144.24766659736633 Train Time: 114.31696796417236 Valid Time: 29.93069863319397
2023-08-03 22:46:51,466 Epoch: 33 Training Loss: 0.2406534221497449 Validation Loss: 0.2445842608730629 Time: 139.91518759727478 Train Time: 112.7889289855957 Valid Time: 27.126258611679077
2023-08-03 22:49:15,849 Saving model with validation loss 0.24247129710893783
2023-08-03 22:49:15,858 Epoch: 34 Training Loss: 0.2406109850785949 Validation Loss: 0.24247129710893783 Time: 144.38211631774902 Train Time: 119.61735820770264 Valid Time: 24.764758110046387
2023-08-03 22:51:36,922 Epoch: 35 Training Loss: 0.23921289668841794 Validation Loss: 0.24308540849458604 Time: 141.06296157836914 Train Time: 116.73801732063293 Valid Time: 24.324944257736206
2023-08-03 22:53:59,726 Saving model with validation loss 0.24117604473595897
2023-08-03 22:53:59,735 Epoch: 36 Training Loss: 0.23878193167122927 Validation Loss: 0.24117604473595897 Time: 142.8032832145691 Train Time: 116.94214940071106 Valid Time: 25.861133813858032
2023-08-03 22:56:19,095 Epoch: 37 Training Loss: 0.2369637015732852 Validation Loss: 0.241707466030247 Time: 139.35945630073547 Train Time: 113.43028402328491 Valid Time: 25.92917227745056
2023-08-03 22:58:45,547 Saving model with validation loss 0.24010253338902085
2023-08-03 22:58:45,576 Epoch: 38 Training Loss: 0.23685128276998346 Validation Loss: 0.24010253338902085 Time: 146.45124173164368 Train Time: 119.09066033363342 Valid Time: 27.360581398010254
2023-08-03 23:01:12,063 Epoch: 39 Training Loss: 0.23519019492647864 Validation Loss: 0.2405106344077953 Time: 146.48587083816528 Train Time: 119.69289016723633 Valid Time: 26.792980670928955
2023-08-03 23:03:37,187 Saving model with validation loss 0.23693743072174214
2023-08-03 23:03:37,202 Epoch: 40 Training Loss: 0.23508671470663764 Validation Loss: 0.23693743072174214 Time: 145.12326669692993 Train Time: 118.67152118682861 Valid Time: 26.45174551010132
2023-08-03 23:05:58,138 Saving model with validation loss 0.2355784769884493
2023-08-03 23:05:58,214 Epoch: 41 Training Loss: 0.23357004283504051 Validation Loss: 0.2355784769884493 Time: 140.93591141700745 Train Time: 117.22055792808533 Valid Time: 23.71535348892212
2023-08-03 23:08:20,822 Epoch: 42 Training Loss: 0.23292361348867416 Validation Loss: 0.24281682633849047 Time: 142.60751748085022 Train Time: 118.17031598091125 Valid Time: 24.437201499938965
2023-08-03 23:10:39,341 Saving model with validation loss 0.23532831739811672
2023-08-03 23:10:39,398 Epoch: 43 Training Loss: 0.23259614272551102 Validation Loss: 0.23532831739811672 Time: 138.51842260360718 Train Time: 111.87897562980652 Valid Time: 26.63944697380066
2023-08-03 23:13:02,605 Saving model with validation loss 0.23384773431631622
2023-08-03 23:13:02,612 Epoch: 44 Training Loss: 0.2315482723577456 Validation Loss: 0.23384773431631622 Time: 143.207195520401 Train Time: 116.20713186264038 Valid Time: 27.00006365776062
2023-08-03 23:15:24,118 Epoch: 45 Training Loss: 0.23047179311513902 Validation Loss: 0.2338721485680373 Time: 141.50523018836975 Train Time: 114.94722008705139 Valid Time: 26.55801010131836
2023-08-03 23:17:41,808 Saving model with validation loss 0.23210906414758592
2023-08-03 23:17:41,816 Epoch: 46 Training Loss: 0.2300542731989514 Validation Loss: 0.23210906414758592 Time: 137.6884732246399 Train Time: 112.99561858177185 Valid Time: 24.692854642868042
2023-08-03 23:20:04,665 Saving model with validation loss 0.23180116799773362
2023-08-03 23:20:04,672 Epoch: 47 Training Loss: 0.2291961239684712 Validation Loss: 0.23180116799773362 Time: 142.84885931015015 Train Time: 117.88041353225708 Valid Time: 24.968445777893066
2023-08-03 23:22:23,979 Saving model with validation loss 0.23176202264727738
2023-08-03 23:22:23,987 Epoch: 48 Training Loss: 0.22882432160052385 Validation Loss: 0.23176202264727738 Time: 139.30652618408203 Train Time: 114.5340883731842 Valid Time: 24.772437810897827
2023-08-03 23:24:48,166 Saving model with validation loss 0.23019579545688376
2023-08-03 23:24:48,188 Epoch: 49 Training Loss: 0.22770019328052346 Validation Loss: 0.23019579545688376 Time: 144.17847537994385 Train Time: 117.38984751701355 Valid Time: 26.788627862930298
2023-08-03 23:27:06,601 Saving model with validation loss 0.22959896847211494
2023-08-03 23:27:06,610 Epoch: 50 Training Loss: 0.2266783183813095 Validation Loss: 0.22959896847211494 Time: 138.41033625602722 Train Time: 112.20347690582275 Valid Time: 26.206859350204468
2023-08-03 23:29:27,187 Saving model with validation loss 0.22930217979761658
2023-08-03 23:29:27,195 Epoch: 51 Training Loss: 0.22631936663931065 Validation Loss: 0.22930217979761658 Time: 140.5758159160614 Train Time: 114.09743309020996 Valid Time: 26.47838282585144
2023-08-03 23:31:52,789 Epoch: 52 Training Loss: 0.22619541829282588 Validation Loss: 0.23338113007722078 Time: 145.59344816207886 Train Time: 118.60689115524292 Valid Time: 26.986557006835938
2023-08-03 23:34:10,512 Epoch: 53 Training Loss: 0.22616153996099125 Validation Loss: 0.22973498638975556 Time: 137.72230410575867 Train Time: 111.84944891929626 Valid Time: 25.872855186462402
2023-08-03 23:36:35,237 Saving model with validation loss 0.22803919975246703
2023-08-03 23:36:35,259 Epoch: 54 Training Loss: 0.22575607288967478 Validation Loss: 0.22803919975246703 Time: 144.7239363193512 Train Time: 119.24329614639282 Valid Time: 25.480640172958374
2023-08-03 23:38:56,307 Saving model with validation loss 0.22733080647294485
2023-08-03 23:38:56,317 Epoch: 55 Training Loss: 0.22467891561714085 Validation Loss: 0.22733080647294485 Time: 141.04749059677124 Train Time: 116.02790760993958 Valid Time: 25.019582986831665
2023-08-03 23:41:18,001 Saving model with validation loss 0.22696001484753595
2023-08-03 23:41:18,009 Epoch: 56 Training Loss: 0.22359351274642078 Validation Loss: 0.22696001484753595 Time: 141.68380570411682 Train Time: 115.34425044059753 Valid Time: 26.339555263519287
2023-08-03 23:43:37,205 Epoch: 57 Training Loss: 0.2230590102889321 Validation Loss: 0.23111276509900572 Time: 139.19523692131042 Train Time: 114.16899633407593 Valid Time: 25.026240587234497
2023-08-03 23:45:54,932 Saving model with validation loss 0.22665247616786804
2023-08-03 23:45:54,940 Epoch: 58 Training Loss: 0.2227412325143814 Validation Loss: 0.22665247616786804 Time: 137.72620701789856 Train Time: 111.91802501678467 Valid Time: 25.80818200111389
2023-08-03 23:48:11,279 Saving model with validation loss 0.2260618309968363
2023-08-03 23:48:11,287 Epoch: 59 Training Loss: 0.22184672713279724 Validation Loss: 0.2260618309968363 Time: 136.338374376297 Train Time: 111.83805561065674 Valid Time: 24.50031876564026
2023-08-03 23:50:32,343 Saving model with validation loss 0.22570265813794715
2023-08-03 23:50:32,353 Epoch: 60 Training Loss: 0.22152594632723116 Validation Loss: 0.22570265813794715 Time: 141.05508255958557 Train Time: 114.04466700553894 Valid Time: 27.01041555404663
2023-08-03 23:52:52,806 Epoch: 61 Training Loss: 0.22104174928231674 Validation Loss: 0.2269573231774663 Time: 140.45225977897644 Train Time: 114.19233965873718 Valid Time: 26.259920120239258
2023-08-03 23:55:14,922 Saving model with validation loss 0.22359472883756829
2023-08-03 23:55:14,929 Epoch: 62 Training Loss: 0.22107768474654718 Validation Loss: 0.22359472883756829 Time: 142.114972114563 Train Time: 115.73497128486633 Valid Time: 26.380000829696655
2023-08-03 23:57:32,520 Epoch: 63 Training Loss: 0.22078183734958823 Validation Loss: 0.22437204231345464 Time: 137.58944845199585 Train Time: 111.32292103767395 Valid Time: 26.2665274143219
2023-08-03 23:59:54,642 Epoch: 64 Training Loss: 0.22028659611940385 Validation Loss: 0.23624387478071546 Time: 142.12125849723816 Train Time: 118.41685724258423 Valid Time: 23.70440125465393
2023-08-04 00:02:22,949 Saving model with validation loss 0.22336633389115965
2023-08-04 00:02:22,984 Epoch: 65 Training Loss: 0.21916471990672023 Validation Loss: 0.22336633389115965 Time: 148.3062722682953 Train Time: 121.7822163105011 Valid Time: 26.52405595779419
2023-08-04 00:04:43,110 Epoch: 66 Training Loss: 0.21899552534927022 Validation Loss: 0.22701221842456748 Time: 140.12578916549683 Train Time: 114.00710868835449 Valid Time: 26.118680477142334
2023-08-04 00:07:02,949 Epoch: 67 Training Loss: 0.21849771998145365 Validation Loss: 0.22371247383179488 Time: 139.83709025382996 Train Time: 114.19695711135864 Valid Time: 25.640133142471313
2023-08-04 00:09:21,254 Epoch: 68 Training Loss: 0.21811409085988998 Validation Loss: 0.223373370353507 Time: 138.30499815940857 Train Time: 112.58454585075378 Valid Time: 25.720452308654785
2023-08-04 00:11:41,842 Saving model with validation loss 0.22241004402675327
2023-08-04 00:11:41,880 Epoch: 69 Training Loss: 0.21693418781865728 Validation Loss: 0.22241004402675327 Time: 140.586243391037 Train Time: 115.20741391181946 Valid Time: 25.37882947921753
2023-08-04 00:14:00,827 Epoch: 70 Training Loss: 0.2172806921059435 Validation Loss: 0.22412631680410375 Time: 138.94592142105103 Train Time: 115.370534658432 Valid Time: 23.57538676261902
2023-08-04 00:16:19,533 Saving model with validation loss 0.22159054019936808
2023-08-04 00:16:19,548 Epoch: 71 Training Loss: 0.21731086286631499 Validation Loss: 0.22159054019936808 Time: 138.70357084274292 Train Time: 114.19094634056091 Valid Time: 24.512624502182007
2023-08-04 00:18:39,633 Saving model with validation loss 0.22121213593337902
2023-08-04 00:18:39,654 Epoch: 72 Training Loss: 0.215420127524571 Validation Loss: 0.22121213593337902 Time: 140.08410239219666 Train Time: 113.71971416473389 Valid Time: 26.36438822746277
2023-08-04 00:21:03,589 Epoch: 73 Training Loss: 0.21541536084630272 Validation Loss: 0.2215340562440731 Time: 143.93527340888977 Train Time: 118.23398470878601 Valid Time: 25.70128870010376
2023-08-04 00:23:25,773 Epoch: 74 Training Loss: 0.21504508316516877 Validation Loss: 0.2214792164229842 Time: 142.1824586391449 Train Time: 115.7294249534607 Valid Time: 26.453033685684204
2023-08-04 00:25:51,849 Saving model with validation loss 0.21938393458172126
2023-08-04 00:25:51,858 Epoch: 75 Training Loss: 0.21518454217097976 Validation Loss: 0.21938393458172126 Time: 146.07512617111206 Train Time: 117.62754559516907 Valid Time: 28.447580575942993
2023-08-04 00:28:11,513 Saving model with validation loss 0.21853713233950278
2023-08-04 00:28:11,522 Epoch: 76 Training Loss: 0.21495886626568708 Validation Loss: 0.21853713233950278 Time: 139.65493822097778 Train Time: 115.21045660972595 Valid Time: 24.44448161125183
2023-08-04 00:30:31,577 Epoch: 77 Training Loss: 0.21423003139820965 Validation Loss: 0.21888398651092772 Time: 140.05416083335876 Train Time: 114.98130226135254 Valid Time: 25.072858572006226
2023-08-04 00:32:53,480 Epoch: 78 Training Loss: 0.21330756564031947 Validation Loss: 0.21881179456357602 Time: 141.90245866775513 Train Time: 117.36915159225464 Valid Time: 24.53330707550049
2023-08-04 00:35:12,094 Saving model with validation loss 0.21776175648762436
2023-08-04 00:35:12,103 Epoch: 79 Training Loss: 0.21376510293646292 Validation Loss: 0.21776175648762436 Time: 138.61214065551758 Train Time: 114.04091811180115 Valid Time: 24.57122254371643
2023-08-04 00:37:30,790 Saving model with validation loss 0.21748094564234768
2023-08-04 00:37:30,798 Epoch: 80 Training Loss: 0.21315407341176815 Validation Loss: 0.21748094564234768 Time: 138.68581652641296 Train Time: 114.15324115753174 Valid Time: 24.532575368881226
2023-08-04 00:39:53,582 Epoch: 81 Training Loss: 0.2134567176482894 Validation Loss: 0.22064402790138962 Time: 142.78384041786194 Train Time: 116.63234639167786 Valid Time: 26.151494026184082
2023-08-04 00:42:20,557 Saving model with validation loss 0.21733482923141864
2023-08-04 00:42:20,564 Epoch: 82 Training Loss: 0.2125024260986935 Validation Loss: 0.21733482923141864 Time: 146.97316360473633 Train Time: 118.52086234092712 Valid Time: 28.452301263809204
2023-08-04 00:44:42,464 Saving model with validation loss 0.21598504601962984
2023-08-04 00:44:42,487 Epoch: 83 Training Loss: 0.21197529485279865 Validation Loss: 0.21598504601962984 Time: 141.8991184234619 Train Time: 115.29930400848389 Valid Time: 26.599814414978027
2023-08-04 00:47:04,395 Saving model with validation loss 0.21542893168787478
2023-08-04 00:47:04,428 Epoch: 84 Training Loss: 0.2121356298571283 Validation Loss: 0.21542893168787478 Time: 141.9075756072998 Train Time: 117.55945754051208 Valid Time: 24.34811806678772
2023-08-04 00:49:24,912 Epoch: 85 Training Loss: 0.2115658559176055 Validation Loss: 0.21612693897630803 Time: 140.48383474349976 Train Time: 115.97721695899963 Valid Time: 24.506617784500122
2023-08-04 00:51:49,188 Epoch: 86 Training Loss: 0.21061556935310363 Validation Loss: 0.21556521660436398 Time: 144.2744903564453 Train Time: 118.24052476882935 Valid Time: 26.033965587615967
2023-08-04 00:54:16,263 Saving model with validation loss 0.2143413491113476
2023-08-04 00:54:16,298 Epoch: 87 Training Loss: 0.21021191918037155 Validation Loss: 0.2143413491113476 Time: 147.07426476478577 Train Time: 122.45968317985535 Valid Time: 24.61458158493042
2023-08-04 00:56:34,922 Epoch: 88 Training Loss: 0.21058530605652115 Validation Loss: 0.21551605432279528 Time: 138.6240165233612 Train Time: 112.99364972114563 Valid Time: 25.630366802215576
2023-08-04 00:58:52,777 Epoch: 89 Training Loss: 0.21043318329886956 Validation Loss: 0.2148775032588414 Time: 137.85397601127625 Train Time: 111.35879874229431 Valid Time: 26.495177268981934
2023-08-04 01:01:10,460 Saving model with validation loss 0.2135451944574477
2023-08-04 01:01:10,470 Epoch: 90 Training Loss: 0.20964322859590703 Validation Loss: 0.2135451944574477 Time: 137.68201398849487 Train Time: 111.90397763252258 Valid Time: 25.77803635597229
2023-08-04 01:03:36,700 Epoch: 91 Training Loss: 0.20906972444870256 Validation Loss: 0.21476999946214534 Time: 146.22978258132935 Train Time: 118.78839659690857 Valid Time: 27.441385984420776
2023-08-04 01:05:54,012 Saving model with validation loss 0.21339532843342535
2023-08-04 01:05:54,090 Epoch: 92 Training Loss: 0.20893097824671053 Validation Loss: 0.21339532843342535 Time: 137.31088399887085 Train Time: 111.86865663528442 Valid Time: 25.442227363586426
2023-08-04 01:08:17,697 Epoch: 93 Training Loss: 0.20814103745601395 Validation Loss: 0.2134981877589352 Time: 143.60616087913513 Train Time: 116.92325711250305 Valid Time: 26.68290376663208
2023-08-04 01:10:36,710 Epoch: 94 Training Loss: 0.20842997116121378 Validation Loss: 0.2147874023233141 Time: 139.01138710975647 Train Time: 113.71676325798035 Valid Time: 25.294623851776123
2023-08-04 01:12:59,277 Epoch: 95 Training Loss: 0.20837398439645768 Validation Loss: 0.21682916605283345 Time: 142.56634521484375 Train Time: 116.22758388519287 Valid Time: 26.33876132965088
2023-08-04 01:15:18,302 Saving model with validation loss 0.2128121437376769
2023-08-04 01:15:18,317 Epoch: 96 Training Loss: 0.20726045979694888 Validation Loss: 0.2128121437376769 Time: 139.02383375167847 Train Time: 112.11055898666382 Valid Time: 26.91327476501465
2023-08-04 01:17:39,708 Epoch: 97 Training Loss: 0.20729995300823992 Validation Loss: 0.21703676607400652 Time: 141.390118598938 Train Time: 115.11259603500366 Valid Time: 26.277522563934326
2023-08-04 01:20:02,433 Epoch: 98 Training Loss: 0.2061868153783408 Validation Loss: 0.21537149169299968 Time: 142.72477269172668 Train Time: 118.042551279068 Valid Time: 24.68222141265869
2023-08-04 01:22:18,156 Saving model with validation loss 0.21108257951875212
2023-08-04 01:22:18,163 Epoch: 99 Training Loss: 0.20702270437370648 Validation Loss: 0.21108257951875212 Time: 135.721782207489 Train Time: 111.69303774833679 Valid Time: 24.02874445915222
