2023-08-03 21:24:52,258 Config: {
    "dir": "seg_experiments",
    "epochs": 100,
    "img_size": [
        384,
        640
    ],
    "mastr_root": "/storage/private/student-vicos/MaSTr1325/MaSTr1325_images_512x384",
    "msf_model_path": "/home/ziga/self-mono-sf/checkpoints/modd2/checkpoint_best.ckpt",
    "random_seed": 0,
    "seg_head": "conv",
    "seg_model": "pyramid",
    "training_batch_size": 2,
    "validation_batch_size": 1
}
2023-08-03 21:24:52,258 Index file: /home/ziga/self-mono-sf/datasets/index_generator/provided/mastr_files.txt
2023-08-03 21:24:52,258 Images root: /storage/private/student-vicos/MaSTr1325/MaSTr1325_images_512x384
2023-08-03 21:24:52,259 Annotations root: /storage/private/student-vicos/MaSTr1325/MaSTr1325_masks_512x384
2023-08-03 21:24:52,260 Number of images: 1325
2023-08-03 21:24:52,348 Number of images: 1289
2023-08-03 21:24:52,348 Number of examples: 1289
2023-08-03 21:24:52,419 Initializing MSRA
2023-08-03 21:27:19,603 Saving model with validation loss 0.18667035723331743
2023-08-03 21:27:19,629 Epoch: 0 Training Loss: 0.3097619950906797 Validation Loss: 0.18667035723331743 Time: 145.9513761997223 Train Time: 119.77563548088074 Valid Time: 26.175740718841553
2023-08-03 21:29:52,774 Saving model with validation loss 0.1564287748286333
2023-08-03 21:29:52,802 Epoch: 1 Training Loss: 0.16263078386133367 Validation Loss: 0.1564287748286333 Time: 153.14443731307983 Train Time: 128.15319418907166 Valid Time: 24.99124312400818
2023-08-03 21:32:20,416 Saving model with validation loss 0.14707273717910524
2023-08-03 21:32:20,440 Epoch: 2 Training Loss: 0.14430742294950918 Validation Loss: 0.14707273717910524 Time: 147.6133680343628 Train Time: 122.73229098320007 Valid Time: 24.88107705116272
2023-08-03 21:34:53,195 Saving model with validation loss 0.1449109925321801
2023-08-03 21:34:53,220 Epoch: 3 Training Loss: 0.13450556522065943 Validation Loss: 0.1449109925321801 Time: 152.75395035743713 Train Time: 124.99158382415771 Valid Time: 27.76236653327942
2023-08-03 21:37:28,608 Saving model with validation loss 0.13890521756555668
2023-08-03 21:37:28,641 Epoch: 4 Training Loss: 0.12752428369088606 Validation Loss: 0.13890521756555668 Time: 155.38685083389282 Train Time: 129.7649257183075 Valid Time: 25.621925115585327
2023-08-03 21:40:06,634 Saving model with validation loss 0.1312111226457452
2023-08-03 21:40:06,664 Epoch: 5 Training Loss: 0.12278804090890018 Validation Loss: 0.1312111226457452 Time: 157.99250984191895 Train Time: 131.5589098930359 Valid Time: 26.433599948883057
2023-08-03 21:42:46,730 Saving model with validation loss 0.12922105780511936
2023-08-03 21:42:46,779 Epoch: 6 Training Loss: 0.11739382732998241 Validation Loss: 0.12922105780511936 Time: 160.0657410621643 Train Time: 132.7216784954071 Valid Time: 27.344062566757202
2023-08-03 21:45:28,711 Saving model with validation loss 0.12902624806556753
2023-08-03 21:45:28,740 Epoch: 7 Training Loss: 0.11352272278883241 Validation Loss: 0.12902624806556753 Time: 161.9313404560089 Train Time: 135.59475421905518 Valid Time: 26.336586236953735
2023-08-03 21:48:10,545 Saving model with validation loss 0.12579312965904593
2023-08-03 21:48:10,572 Epoch: 8 Training Loss: 0.11010423497720198 Validation Loss: 0.12579312965904593 Time: 161.80378317832947 Train Time: 134.21757626533508 Valid Time: 27.586206912994385
2023-08-03 21:50:45,964 Epoch: 9 Training Loss: 0.10765253415161913 Validation Loss: 0.1269022202286771 Time: 155.39147353172302 Train Time: 131.1994185447693 Valid Time: 24.192054986953735
2023-08-03 21:53:24,468 Saving model with validation loss 0.12296656960690464
2023-08-03 21:53:24,496 Epoch: 10 Training Loss: 0.10455750372599472 Validation Loss: 0.12296656960690464 Time: 158.50306963920593 Train Time: 128.44539427757263 Valid Time: 30.0576753616333
2023-08-03 21:55:55,023 Epoch: 11 Training Loss: 0.10217967773025687 Validation Loss: 0.12329955818870711 Time: 150.52657794952393 Train Time: 125.99485182762146 Valid Time: 24.531726121902466
2023-08-03 21:58:26,400 Saving model with validation loss 0.12208452010675082
2023-08-03 21:58:26,434 Epoch: 12 Training Loss: 0.09950443468987942 Validation Loss: 0.12208452010675082 Time: 151.37569427490234 Train Time: 124.87264204025269 Valid Time: 26.503052234649658
2023-08-03 22:01:06,403 Epoch: 13 Training Loss: 0.09754663521593267 Validation Loss: 0.12221663415668503 Time: 159.96833968162537 Train Time: 132.9287567138672 Valid Time: 27.03958296775818
2023-08-03 22:03:41,440 Epoch: 14 Training Loss: 0.09583375201983885 Validation Loss: 0.12548790615860117 Time: 155.03551387786865 Train Time: 130.15612888336182 Valid Time: 24.879384994506836
2023-08-03 22:06:14,634 Saving model with validation loss 0.1220702846095991
2023-08-03 22:06:14,665 Epoch: 15 Training Loss: 0.09430425135926766 Validation Loss: 0.1220702846095991 Time: 153.1927535533905 Train Time: 128.06134510040283 Valid Time: 25.13140845298767
2023-08-03 22:08:52,321 Epoch: 16 Training Loss: 0.09305880386721004 Validation Loss: 0.12335281862468316 Time: 157.65607857704163 Train Time: 133.0593559741974 Valid Time: 24.59672260284424
2023-08-03 22:11:31,597 Epoch: 17 Training Loss: 0.09172941798513586 Validation Loss: 0.12446142315233825 Time: 159.27450132369995 Train Time: 130.56206631660461 Valid Time: 28.712435007095337
2023-08-03 22:14:12,281 Epoch: 18 Training Loss: 0.08968086402524601 Validation Loss: 0.12316601936306272 Time: 160.6827585697174 Train Time: 132.35826873779297 Valid Time: 28.32448983192444
2023-08-03 22:16:51,944 Epoch: 19 Training Loss: 0.08828341480683197 Validation Loss: 0.12362948470014744 Time: 159.66192412376404 Train Time: 129.85458946228027 Valid Time: 29.807334661483765
2023-08-03 22:19:29,187 Epoch: 20 Training Loss: 0.08988256125287576 Validation Loss: 0.12299002876515111 Time: 157.23850655555725 Train Time: 131.77874302864075 Valid Time: 25.459763526916504
2023-08-03 22:22:01,458 Saving model with validation loss 0.12123135374809699
2023-08-03 22:22:01,497 Epoch: 21 Training Loss: 0.08514531397006729 Validation Loss: 0.12123135374809699 Time: 152.26969003677368 Train Time: 124.83198261260986 Valid Time: 27.43770742416382
2023-08-03 22:24:36,850 Epoch: 22 Training Loss: 0.08436759875579314 Validation Loss: 0.12333509083541613 Time: 155.35189819335938 Train Time: 129.576584815979 Valid Time: 25.77531337738037
2023-08-03 22:27:14,660 Epoch: 23 Training Loss: 0.0843043030527505 Validation Loss: 0.12325760432415539 Time: 157.80970072746277 Train Time: 130.64537286758423 Valid Time: 27.16432785987854
2023-08-03 22:29:50,374 Epoch: 24 Training Loss: 0.08206698452207176 Validation Loss: 0.12294824330737351 Time: 155.71331882476807 Train Time: 129.10960292816162 Valid Time: 26.603715896606445
2023-08-03 22:32:27,255 Epoch: 25 Training Loss: 0.08172845800491897 Validation Loss: 0.12237358451993377 Time: 156.87895274162292 Train Time: 129.88032817840576 Valid Time: 26.998624563217163
2023-08-03 22:35:03,920 Epoch: 26 Training Loss: 0.0813689165155996 Validation Loss: 0.12243363819030857 Time: 156.6634602546692 Train Time: 129.9889693260193 Valid Time: 26.674490928649902
2023-08-03 22:37:43,035 Epoch: 27 Training Loss: 0.08030203195458109 Validation Loss: 0.12203180316894774 Time: 159.11454892158508 Train Time: 132.5430269241333 Valid Time: 26.571521997451782
2023-08-03 22:40:15,688 Epoch: 28 Training Loss: 0.07896307823332874 Validation Loss: 0.12301603744111994 Time: 152.65070915222168 Train Time: 128.2390217781067 Valid Time: 24.41168737411499
2023-08-03 22:42:45,686 Epoch: 29 Training Loss: 0.07788117251612924 Validation Loss: 0.1242803609954617 Time: 149.9973223209381 Train Time: 125.39966583251953 Valid Time: 24.59765648841858
2023-08-03 22:45:23,426 Epoch: 30 Training Loss: 0.07693634590642019 Validation Loss: 0.12401291310156463 Time: 157.7386245727539 Train Time: 132.74510860443115 Valid Time: 24.993515968322754
2023-08-03 22:47:59,198 Epoch: 31 Training Loss: 0.07630350171165033 Validation Loss: 0.12281069189073547 Time: 155.77127075195312 Train Time: 128.02526259422302 Valid Time: 27.746008157730103
2023-08-03 22:50:37,112 Epoch: 32 Training Loss: 0.07603386622260917 Validation Loss: 0.12520746133787922 Time: 157.91267442703247 Train Time: 132.1303322315216 Valid Time: 25.782342195510864
2023-08-03 22:53:10,690 Epoch: 33 Training Loss: 0.07536550644446503 Validation Loss: 0.12875590309816062 Time: 153.57713627815247 Train Time: 125.70457863807678 Valid Time: 27.872557640075684
2023-08-03 22:55:45,017 Epoch: 34 Training Loss: 0.07463567339561203 Validation Loss: 0.12812593149602727 Time: 154.32653903961182 Train Time: 128.7173547744751 Valid Time: 25.60918426513672
2023-08-03 22:58:22,796 Epoch: 35 Training Loss: 0.07305454963987523 Validation Loss: 0.12897093452158429 Time: 157.77771043777466 Train Time: 130.25369429588318 Valid Time: 27.52401614189148
2023-08-03 23:01:04,467 Epoch: 36 Training Loss: 0.07309599483555014 Validation Loss: 0.1260236622716384 Time: 161.66993594169617 Train Time: 133.97465205192566 Valid Time: 27.695283889770508
2023-08-03 23:03:42,138 Epoch: 37 Training Loss: 0.07199258183891123 Validation Loss: 0.12733593571280677 Time: 157.6705038547516 Train Time: 131.17130994796753 Valid Time: 26.499193906784058
2023-08-03 23:06:18,849 Epoch: 38 Training Loss: 0.07248461689461361 Validation Loss: 0.1268364233630044 Time: 156.70953059196472 Train Time: 128.8869833946228 Valid Time: 27.82254719734192
2023-08-03 23:08:53,029 Epoch: 39 Training Loss: 0.07093496069989422 Validation Loss: 0.1273048928096181 Time: 154.1790759563446 Train Time: 129.57977747917175 Valid Time: 24.59929847717285
2023-08-03 23:11:27,330 Epoch: 40 Training Loss: 0.07147192348810759 Validation Loss: 0.13029146872500263 Time: 154.29991149902344 Train Time: 127.54794049263 Valid Time: 26.751971006393433
2023-08-03 23:14:03,621 Epoch: 41 Training Loss: 0.07044281108135526 Validation Loss: 0.12882721664571256 Time: 156.29033827781677 Train Time: 130.18512606620789 Valid Time: 26.105212211608887
2023-08-03 23:16:37,702 Epoch: 42 Training Loss: 0.06965416100214829 Validation Loss: 0.13428288217259463 Time: 154.07987785339355 Train Time: 128.2038974761963 Valid Time: 25.875980377197266
2023-08-03 23:19:13,402 Epoch: 43 Training Loss: 0.0683645223216577 Validation Loss: 0.13062388556344168 Time: 155.69916486740112 Train Time: 128.84554743766785 Valid Time: 26.853617429733276
2023-08-03 23:21:45,822 Epoch: 44 Training Loss: 0.06776829892938788 Validation Loss: 0.13680932712223795 Time: 152.4195168018341 Train Time: 125.83393263816833 Valid Time: 26.58558416366577
2023-08-03 23:24:23,297 Epoch: 45 Training Loss: 0.06785427440973846 Validation Loss: 0.13104969856363755 Time: 157.47354006767273 Train Time: 130.29038619995117 Valid Time: 27.183153867721558
2023-08-03 23:26:55,399 Epoch: 46 Training Loss: 0.06701650200919672 Validation Loss: 0.131720167481237 Time: 152.10063982009888 Train Time: 126.91313052177429 Valid Time: 25.187509298324585
2023-08-03 23:29:30,221 Epoch: 47 Training Loss: 0.0666210539503531 Validation Loss: 0.13150394268373333 Time: 154.82135820388794 Train Time: 127.04804563522339 Valid Time: 27.77331256866455
2023-08-03 23:32:06,191 Epoch: 48 Training Loss: 0.06749597955156457 Validation Loss: 0.13105634966539959 Time: 155.96868133544922 Train Time: 130.5224678516388 Valid Time: 25.446213483810425
2023-08-03 23:34:39,364 Epoch: 49 Training Loss: 0.06510805170644414 Validation Loss: 0.13172027600741892 Time: 153.17246675491333 Train Time: 125.91972088813782 Valid Time: 27.252745866775513
2023-08-03 23:37:17,404 Epoch: 50 Training Loss: 0.06519796286116947 Validation Loss: 0.13390194871044034 Time: 158.03825902938843 Train Time: 131.2642924785614 Valid Time: 26.773966550827026
2023-08-03 23:39:51,501 Epoch: 51 Training Loss: 0.06474828204648062 Validation Loss: 0.13278425348893044 Time: 154.0962188243866 Train Time: 129.29633951187134 Valid Time: 24.79987931251526
2023-08-03 23:42:26,873 Epoch: 52 Training Loss: 0.06462908243591135 Validation Loss: 0.13302168604873477 Time: 155.37099862098694 Train Time: 129.12104630470276 Valid Time: 26.24995231628418
2023-08-03 23:44:58,347 Epoch: 53 Training Loss: 0.06381600297987461 Validation Loss: 0.1339972352303525 Time: 151.47283387184143 Train Time: 125.90215706825256 Valid Time: 25.570676803588867
2023-08-03 23:47:28,524 Epoch: 54 Training Loss: 0.06325726330957629 Validation Loss: 0.1334631962987481 Time: 150.17654991149902 Train Time: 124.5206778049469 Valid Time: 25.655872106552124
2023-08-03 23:50:01,669 Epoch: 55 Training Loss: 0.0627383430302143 Validation Loss: 0.1329717142359605 Time: 153.14337158203125 Train Time: 127.3918809890747 Valid Time: 25.751490592956543
2023-08-03 23:52:37,367 Epoch: 56 Training Loss: 0.06317076423628763 Validation Loss: 0.13459509640695558 Time: 155.69749402999878 Train Time: 129.17002940177917 Valid Time: 26.527464628219604
2023-08-03 23:55:13,180 Epoch: 57 Training Loss: 0.062460137409242715 Validation Loss: 0.13304668373216397 Time: 155.81216502189636 Train Time: 128.96338963508606 Valid Time: 26.848775386810303
2023-08-03 23:57:44,470 Epoch: 58 Training Loss: 0.06180768000131304 Validation Loss: 0.13561229392018898 Time: 151.28906440734863 Train Time: 124.59892058372498 Valid Time: 26.690143823623657
2023-08-04 00:00:20,436 Epoch: 59 Training Loss: 0.06195415841584856 Validation Loss: 0.13640788664656972 Time: 155.96458101272583 Train Time: 129.5110056400299 Valid Time: 26.453575372695923
2023-08-04 00:03:01,497 Epoch: 60 Training Loss: 0.06173024526373907 Validation Loss: 0.13569752611811198 Time: 161.05964589118958 Train Time: 134.37262415885925 Valid Time: 26.687021732330322
2023-08-04 00:05:35,765 Epoch: 61 Training Loss: 0.06064965637570078 Validation Loss: 0.1346301619929296 Time: 154.26711320877075 Train Time: 126.22639870643616 Valid Time: 28.040714502334595
2023-08-04 00:08:10,223 Epoch: 62 Training Loss: 0.059942000383003194 Validation Loss: 0.13568984608722742 Time: 154.45739078521729 Train Time: 129.55429124832153 Valid Time: 24.903099536895752
2023-08-04 00:10:41,843 Epoch: 63 Training Loss: 0.06080564089119434 Validation Loss: 0.13621760965891616 Time: 151.61870074272156 Train Time: 124.02274990081787 Valid Time: 27.595950841903687
2023-08-04 00:13:15,482 Epoch: 64 Training Loss: 0.06045888119123199 Validation Loss: 0.13778047882532948 Time: 153.63764119148254 Train Time: 127.27145266532898 Valid Time: 26.366188526153564
2023-08-04 00:15:47,224 Epoch: 65 Training Loss: 0.059840479974042286 Validation Loss: 0.13746424054815656 Time: 151.7409372329712 Train Time: 126.8836841583252 Valid Time: 24.857253074645996
2023-08-04 00:18:21,800 Epoch: 66 Training Loss: 0.05973074503242969 Validation Loss: 0.13843072769503115 Time: 154.57493352890015 Train Time: 127.05525517463684 Valid Time: 27.519678354263306
2023-08-04 00:21:00,446 Epoch: 67 Training Loss: 0.05829794335771691 Validation Loss: 0.1377136003048647 Time: 158.64553833007812 Train Time: 132.18780207633972 Valid Time: 26.457736253738403
2023-08-04 00:23:37,756 Epoch: 68 Training Loss: 0.05825672748413953 Validation Loss: 0.13631882205132453 Time: 157.30866932868958 Train Time: 128.85984659194946 Valid Time: 28.448822736740112
2023-08-04 00:26:17,244 Epoch: 69 Training Loss: 0.058198033876039765 Validation Loss: 0.13951968515991534 Time: 159.48733139038086 Train Time: 132.57073712348938 Valid Time: 26.91659426689148
2023-08-04 00:28:47,731 Epoch: 70 Training Loss: 0.05803824070502411 Validation Loss: 0.1377673431363686 Time: 150.48539352416992 Train Time: 124.79837036132812 Valid Time: 25.687023162841797
2023-08-04 00:31:23,644 Epoch: 71 Training Loss: 0.05793033074926246 Validation Loss: 0.13833473262096208 Time: 155.91251945495605 Train Time: 130.09744334220886 Valid Time: 25.815076112747192
2023-08-04 00:34:01,947 Epoch: 72 Training Loss: 0.05779502990232273 Validation Loss: 0.14016056407696356 Time: 158.3016619682312 Train Time: 130.90581369400024 Valid Time: 27.395848274230957
2023-08-04 00:36:33,664 Epoch: 73 Training Loss: 0.0573492118106647 Validation Loss: 0.1415856081065993 Time: 151.71525764465332 Train Time: 124.76595711708069 Valid Time: 26.949300527572632
2023-08-04 00:39:07,164 Epoch: 74 Training Loss: 0.05714873072437265 Validation Loss: 0.13836130493926624 Time: 153.49929928779602 Train Time: 127.46404671669006 Valid Time: 26.035252571105957
2023-08-04 00:41:47,503 Epoch: 75 Training Loss: 0.05624441236257553 Validation Loss: 0.13984720125084832 Time: 160.33816242218018 Train Time: 133.31318736076355 Valid Time: 27.024975061416626
2023-08-04 00:44:26,651 Epoch: 76 Training Loss: 0.056446261582049455 Validation Loss: 0.1399931969544875 Time: 159.14665603637695 Train Time: 130.39214301109314 Valid Time: 28.754513025283813
2023-08-04 00:47:01,955 Epoch: 77 Training Loss: 0.0557608899474144 Validation Loss: 0.14185988684258763 Time: 155.30275559425354 Train Time: 129.89800262451172 Valid Time: 25.40475296974182
2023-08-04 00:49:35,836 Epoch: 78 Training Loss: 0.055865758406845004 Validation Loss: 0.13847844876230708 Time: 153.879301071167 Train Time: 128.540109872818 Valid Time: 25.339191198349
2023-08-04 00:52:12,803 Epoch: 79 Training Loss: 0.055395194796675984 Validation Loss: 0.13939987946912724 Time: 156.96652698516846 Train Time: 131.36172461509705 Valid Time: 25.60480237007141
2023-08-04 00:54:54,751 Epoch: 80 Training Loss: 0.055277843502434816 Validation Loss: 0.14352941540656267 Time: 161.9464190006256 Train Time: 135.17957162857056 Valid Time: 26.766847372055054
2023-08-04 00:57:25,340 Epoch: 81 Training Loss: 0.05461364244195548 Validation Loss: 0.1434176075986769 Time: 150.58857202529907 Train Time: 124.44300842285156 Valid Time: 26.14556360244751
2023-08-04 00:59:54,886 Epoch: 82 Training Loss: 0.055161659815772014 Validation Loss: 0.14246716819427632 Time: 149.54518055915833 Train Time: 124.72048950195312 Valid Time: 24.8246910572052
2023-08-04 01:02:33,634 Epoch: 83 Training Loss: 0.0546017472716895 Validation Loss: 0.14468759116987703 Time: 158.74675989151 Train Time: 130.5767695903778 Valid Time: 28.169990301132202
2023-08-04 01:05:09,148 Epoch: 84 Training Loss: 0.054182656143199316 Validation Loss: 0.14295610022686778 Time: 155.5132441520691 Train Time: 130.80660915374756 Valid Time: 24.706634998321533
2023-08-04 01:07:43,838 Epoch: 85 Training Loss: 0.05410574856806885 Validation Loss: 0.14233518159263348 Time: 154.68929815292358 Train Time: 127.9507257938385 Valid Time: 26.738572359085083
2023-08-04 01:10:16,432 Epoch: 86 Training Loss: 0.0533155159144239 Validation Loss: 0.14413489819203734 Time: 152.59183073043823 Train Time: 126.04299926757812 Valid Time: 26.548831462860107
2023-08-04 01:12:53,470 Epoch: 87 Training Loss: 0.05357872696762735 Validation Loss: 0.14548411989022816 Time: 157.03662014007568 Train Time: 130.2325005531311 Valid Time: 26.80411958694458
2023-08-04 01:15:25,563 Epoch: 88 Training Loss: 0.05348598285832188 Validation Loss: 0.14293408894507342 Time: 152.09230422973633 Train Time: 125.86331248283386 Valid Time: 26.228991746902466
2023-08-04 01:18:00,938 Epoch: 89 Training Loss: 0.0531504640084776 Validation Loss: 0.1446893379368164 Time: 155.3732409477234 Train Time: 128.97067141532898 Valid Time: 26.40256953239441
2023-08-04 01:20:38,073 Epoch: 90 Training Loss: 0.05238154932517897 Validation Loss: 0.14499870926220582 Time: 157.13389253616333 Train Time: 130.42305445671082 Valid Time: 26.710838079452515
2023-08-04 01:23:03,529 Epoch: 91 Training Loss: 0.05289751035245982 Validation Loss: 0.14746456687885617 Time: 145.4551854133606 Train Time: 123.66030025482178 Valid Time: 21.79488515853882
2023-08-04 01:25:23,406 Epoch: 92 Training Loss: 0.05244050065224821 Validation Loss: 0.14679070745432188 Time: 139.87599754333496 Train Time: 117.7546181678772 Valid Time: 22.121379375457764
2023-08-04 01:27:47,876 Epoch: 93 Training Loss: 0.05194592976773327 Validation Loss: 0.14789270481498784 Time: 144.46861028671265 Train Time: 120.23785638809204 Valid Time: 24.230753898620605
2023-08-04 01:30:15,121 Epoch: 94 Training Loss: 0.05171273617243225 Validation Loss: 0.14895095459367863 Time: 147.2445089817047 Train Time: 123.70409655570984 Valid Time: 23.540412425994873
2023-08-04 01:32:43,994 Epoch: 95 Training Loss: 0.05207682313228195 Validation Loss: 0.14853085524269513 Time: 148.87171840667725 Train Time: 125.29054164886475 Valid Time: 23.5811767578125
2023-08-04 01:35:12,012 Epoch: 96 Training Loss: 0.051305273747579615 Validation Loss: 0.1472142678168085 Time: 148.0171136856079 Train Time: 125.74401640892029 Valid Time: 22.273097276687622
2023-08-04 01:37:30,411 Epoch: 97 Training Loss: 0.05096614171835509 Validation Loss: 0.14876700673626844 Time: 138.39850330352783 Train Time: 116.64575242996216 Valid Time: 21.752750873565674
2023-08-04 01:39:50,814 Epoch: 98 Training Loss: 0.051569114053113894 Validation Loss: 0.14777824314183027 Time: 140.40188813209534 Train Time: 117.97924327850342 Valid Time: 22.42264485359192
2023-08-04 01:42:12,133 Epoch: 99 Training Loss: 0.0516929556530985 Validation Loss: 0.1469524728045577 Time: 141.3172481060028 Train Time: 117.36915421485901 Valid Time: 23.9480938911438
