2023-08-03 21:22:22,528 Config: {
    "dir": "seg_experiments",
    "epochs": 100,
    "img_size": [
        384,
        640
    ],
    "mastr_root": "/storage/private/student-vicos/MaSTr1325/MaSTr1325_images_512x384",
    "msf_model_path": "/home/ziga/self-mono-sf/checkpoints/modd2/checkpoint_best.ckpt",
    "random_seed": 0,
    "seg_head": "unet",
    "seg_model": "pyramid",
    "training_batch_size": 2,
    "validation_batch_size": 1
}
2023-08-03 21:22:22,528 Index file: /home/ziga/self-mono-sf/datasets/index_generator/provided/mastr_files.txt
2023-08-03 21:22:22,529 Images root: /storage/private/student-vicos/MaSTr1325/MaSTr1325_images_512x384
2023-08-03 21:22:22,529 Annotations root: /storage/private/student-vicos/MaSTr1325/MaSTr1325_masks_512x384
2023-08-03 21:22:22,530 Number of images: 1325
2023-08-03 21:22:22,646 Number of images: 1289
2023-08-03 21:22:22,646 Number of examples: 1289
2023-08-03 21:22:22,728 Initializing MSRA
2023-08-03 21:22:25,612 Created segmentation model.
2023-08-03 21:29:20,040 Saving model with validation loss 0.1760123233315806
2023-08-03 21:29:20,434 Epoch: 0 Training Loss: 0.3395951316573403 Validation Loss: 0.1760123233315806 Time: 414.028861284256 Train Time: 367.3669822216034 Valid Time: 46.66187906265259
2023-08-03 21:35:10,685 Saving model with validation loss 0.1317949459823982
2023-08-03 21:35:11,352 Epoch: 1 Training Loss: 0.14270001232624055 Validation Loss: 0.1317949459823982 Time: 350.2498548030853 Train Time: 312.1748104095459 Valid Time: 38.07504439353943
2023-08-03 21:41:18,645 Saving model with validation loss 0.11490692708779264
2023-08-03 21:41:19,368 Epoch: 2 Training Loss: 0.11931346020915291 Validation Loss: 0.11490692708779264 Time: 367.2895157337189 Train Time: 319.1927025318146 Valid Time: 48.0968132019043
2023-08-03 21:47:29,412 Saving model with validation loss 0.10980909838089867
2023-08-03 21:47:30,072 Epoch: 3 Training Loss: 0.1102298635176637 Validation Loss: 0.10980909838089867 Time: 370.04246735572815 Train Time: 322.1063313484192 Valid Time: 47.93613600730896
2023-08-03 21:53:33,539 Epoch: 4 Training Loss: 0.10395412756638094 Validation Loss: 0.11097154504171124 Time: 363.4655706882477 Train Time: 322.7406749725342 Valid Time: 40.7248957157135
2023-08-03 21:59:37,661 Saving model with validation loss 0.10327905404662328
2023-08-03 21:59:38,393 Epoch: 5 Training Loss: 0.09899529971182347 Validation Loss: 0.10327905404662328 Time: 364.11911821365356 Train Time: 316.79467368125916 Valid Time: 47.32444453239441
2023-08-03 22:05:45,424 Saving model with validation loss 0.10227334519069661
2023-08-03 22:05:46,476 Epoch: 6 Training Loss: 0.09401574244553393 Validation Loss: 0.10227334519069661 Time: 367.02807807922363 Train Time: 320.61889481544495 Valid Time: 46.40918326377869
2023-08-03 22:11:49,240 Saving model with validation loss 0.0991436059946421
2023-08-03 22:11:49,955 Epoch: 7 Training Loss: 0.09231336594305255 Validation Loss: 0.0991436059946421 Time: 362.7612371444702 Train Time: 319.5045328140259 Valid Time: 43.256704330444336
2023-08-03 22:17:57,739 Saving model with validation loss 0.09804591510898222
2023-08-03 22:17:58,700 Epoch: 8 Training Loss: 0.08746116773648696 Validation Loss: 0.09804591510898222 Time: 367.7827296257019 Train Time: 319.59427285194397 Valid Time: 48.188456773757935
2023-08-03 22:24:02,086 Epoch: 9 Training Loss: 0.08625145012682134 Validation Loss: 0.10258007106721086 Time: 363.38385677337646 Train Time: 317.2557728290558 Valid Time: 46.12808394432068
2023-08-03 22:30:12,995 Epoch: 10 Training Loss: 0.08606425369327718 Validation Loss: 0.09835575250958009 Time: 370.9059705734253 Train Time: 323.9141569137573 Valid Time: 46.99181365966797
2023-08-03 22:36:15,644 Epoch: 11 Training Loss: 0.08257756317203695 Validation Loss: 0.09804794961024844 Time: 362.64612770080566 Train Time: 317.9828622341156 Valid Time: 44.66326546669006
2023-08-03 22:42:20,640 Epoch: 12 Training Loss: 0.08885987974703312 Validation Loss: 0.10092644884236275 Time: 364.99385595321655 Train Time: 318.6217203140259 Valid Time: 46.372135639190674
2023-08-03 22:48:26,260 Saving model with validation loss 0.09678856695376375
2023-08-03 22:48:26,927 Epoch: 13 Training Loss: 0.08456883051178672 Validation Loss: 0.09678856695376375 Time: 365.6166274547577 Train Time: 317.8135895729065 Valid Time: 47.803037881851196
2023-08-03 22:54:23,915 Epoch: 14 Training Loss: 0.07823155072602359 Validation Loss: 0.09770257297962431 Time: 356.9861071109772 Train Time: 315.6391842365265 Valid Time: 41.346922874450684
2023-08-03 23:00:35,784 Saving model with validation loss 0.09499433845596969
2023-08-03 23:00:36,688 Epoch: 15 Training Loss: 0.07676994478160684 Validation Loss: 0.09499433845596969 Time: 371.8656029701233 Train Time: 324.7154846191406 Valid Time: 47.150118350982666
2023-08-03 23:06:43,403 Saving model with validation loss 0.09435739380026621
2023-08-03 23:06:44,075 Epoch: 16 Training Loss: 0.07522628572176804 Validation Loss: 0.09435739380026621 Time: 366.7122242450714 Train Time: 320.153626203537 Valid Time: 46.558598041534424
2023-08-03 23:12:40,997 Saving model with validation loss 0.09150489606948757
2023-08-03 23:12:41,664 Epoch: 17 Training Loss: 0.07377923595634374 Validation Loss: 0.09150489606948757 Time: 356.92028999328613 Train Time: 318.8520965576172 Valid Time: 38.068193435668945
2023-08-03 23:18:48,045 Epoch: 18 Training Loss: 0.07267097567292777 Validation Loss: 0.0936903257770513 Time: 366.3776535987854 Train Time: 318.8321747779846 Valid Time: 47.54547882080078
2023-08-03 23:24:58,051 Epoch: 19 Training Loss: 0.07017636673016982 Validation Loss: 0.09396454465215799 Time: 370.0031807422638 Train Time: 322.60606241226196 Valid Time: 47.39711833000183
2023-08-03 23:30:59,988 Epoch: 20 Training Loss: 0.06897826747460799 Validation Loss: 0.09380110611439382 Time: 361.93377327919006 Train Time: 320.87770223617554 Valid Time: 41.056071043014526
2023-08-03 23:37:07,896 Epoch: 21 Training Loss: 0.07192102245309136 Validation Loss: 0.09833086668341248 Time: 367.9052028656006 Train Time: 319.48709440231323 Valid Time: 48.41810846328735
2023-08-03 23:43:15,185 Epoch: 22 Training Loss: 0.07138612992384218 Validation Loss: 0.09456825211013435 Time: 367.2858774662018 Train Time: 321.88397574424744 Valid Time: 45.401901721954346
2023-08-03 23:49:14,247 Epoch: 23 Training Loss: 0.0656100300767205 Validation Loss: 0.09435956739874744 Time: 359.0591881275177 Train Time: 317.6708188056946 Valid Time: 41.38836932182312
2023-08-03 23:55:17,825 Epoch: 24 Training Loss: 0.06361541123552755 Validation Loss: 0.09353560761169151 Time: 363.5753073692322 Train Time: 317.7177093029022 Valid Time: 45.857598066329956
2023-08-04 00:01:24,934 Epoch: 25 Training Loss: 0.06225478252226656 Validation Loss: 0.09473835010692556 Time: 367.1063265800476 Train Time: 320.5638723373413 Valid Time: 46.5424542427063
2023-08-04 00:07:31,315 Epoch: 26 Training Loss: 0.0639422128891403 Validation Loss: 0.09547735047009256 Time: 366.3742072582245 Train Time: 320.3727674484253 Valid Time: 46.001439809799194
2023-08-04 00:13:29,688 Epoch: 27 Training Loss: 0.06279096682640639 Validation Loss: 0.09336717757913801 Time: 358.36924028396606 Train Time: 314.3805456161499 Valid Time: 43.98869466781616
2023-08-04 00:19:37,211 Epoch: 28 Training Loss: 0.05890620863573118 Validation Loss: 0.09451944479551265 Time: 367.51961493492126 Train Time: 320.4491422176361 Valid Time: 47.070472717285156
2023-08-04 00:25:48,772 Epoch: 29 Training Loss: 0.05750573908402161 Validation Loss: 0.09559166248119066 Time: 371.55867314338684 Train Time: 323.16948437690735 Valid Time: 48.38918876647949
2023-08-04 00:31:45,355 Epoch: 30 Training Loss: 0.05655298429456624 Validation Loss: 0.09717351702785997 Time: 356.58000445365906 Train Time: 315.50419211387634 Valid Time: 41.075812339782715
2023-08-04 00:37:52,003 Epoch: 31 Training Loss: 0.05571280817755244 Validation Loss: 0.09935302080379592 Time: 366.6454257965088 Train Time: 321.50092005729675 Valid Time: 45.144505739212036
2023-08-04 00:44:02,343 Epoch: 32 Training Loss: 0.05481790806759487 Validation Loss: 0.09842439149580305 Time: 370.3368513584137 Train Time: 323.88660955429077 Valid Time: 46.450241804122925
2023-08-04 00:50:02,055 Epoch: 33 Training Loss: 0.053526600924405185 Validation Loss: 0.09902648655352769 Time: 359.70935106277466 Train Time: 320.4850277900696 Valid Time: 39.22432327270508
2023-08-04 00:56:10,351 Epoch: 34 Training Loss: 0.0530914900993759 Validation Loss: 0.09781164315248293 Time: 368.2943422794342 Train Time: 322.7406196594238 Valid Time: 45.553722620010376
2023-08-04 01:02:16,675 Epoch: 35 Training Loss: 0.05090037649328059 Validation Loss: 0.099468715055279 Time: 366.3197593688965 Train Time: 318.2130470275879 Valid Time: 48.106712341308594
2023-08-04 01:08:14,135 Epoch: 36 Training Loss: 0.05049359146166932 Validation Loss: 0.09859415622694152 Time: 357.4545543193817 Train Time: 319.05717945098877 Valid Time: 38.397374868392944
2023-08-04 01:14:18,596 Epoch: 37 Training Loss: 0.04841408396647735 Validation Loss: 0.09964597246870793 Time: 364.4587869644165 Train Time: 318.07121682167053 Valid Time: 46.38757014274597
2023-08-04 01:20:24,819 Epoch: 38 Training Loss: 0.04722965688868003 Validation Loss: 0.10019924400975465 Time: 366.22029733657837 Train Time: 321.07284021377563 Valid Time: 45.147457122802734
2023-08-04 01:26:19,031 Epoch: 39 Training Loss: 0.046285563903776084 Validation Loss: 0.10249678816192995 Time: 354.20977091789246 Train Time: 315.28294920921326 Valid Time: 38.9268217086792
2023-08-04 01:32:21,625 Epoch: 40 Training Loss: 0.045735686760057105 Validation Loss: 0.10063125402050674 Time: 362.5901324748993 Train Time: 315.8992438316345 Valid Time: 46.69088864326477
2023-08-04 01:38:22,679 Epoch: 41 Training Loss: 0.04406260382384062 Validation Loss: 0.10183617312993322 Time: 361.0508897304535 Train Time: 317.0638518333435 Valid Time: 43.987037897109985
2023-08-04 01:44:15,174 Epoch: 42 Training Loss: 0.04327692761678587 Validation Loss: 0.10244012249525263 Time: 352.4918074607849 Train Time: 314.3549952507019 Valid Time: 38.13681221008301
2023-08-04 01:50:05,981 Epoch: 43 Training Loss: 0.04245351234281605 Validation Loss: 0.10371803159199694 Time: 350.8020899295807 Train Time: 308.15335988998413 Valid Time: 42.64873003959656
2023-08-04 01:55:58,918 Epoch: 44 Training Loss: 0.04111763180656867 Validation Loss: 0.1033459555298563 Time: 352.9327290058136 Train Time: 310.8240752220154 Valid Time: 42.10865378379822
2023-08-04 02:01:46,016 Epoch: 45 Training Loss: 0.0444917996566404 Validation Loss: 0.09999537678859222 Time: 347.09475207328796 Train Time: 309.11288595199585 Valid Time: 37.981866121292114
2023-08-04 02:07:34,451 Epoch: 46 Training Loss: 0.04216334281658585 Validation Loss: 0.10356767172062839 Time: 348.4321331977844 Train Time: 306.73038363456726 Valid Time: 41.70174956321716
2023-08-04 02:13:26,321 Epoch: 47 Training Loss: 0.03799903294918212 Validation Loss: 0.10234811728593533 Time: 351.86673521995544 Train Time: 309.7572376728058 Valid Time: 42.10949754714966
2023-08-04 02:19:13,592 Epoch: 48 Training Loss: 0.03715826318683949 Validation Loss: 0.10599097558272579 Time: 347.26688265800476 Train Time: 308.8692820072174 Valid Time: 38.39760065078735
2023-08-04 02:25:02,664 Epoch: 49 Training Loss: 0.037020709396085955 Validation Loss: 0.10328071844325494 Time: 349.0689232349396 Train Time: 306.2514922618866 Valid Time: 42.81743097305298
2023-08-04 02:30:56,489 Epoch: 50 Training Loss: 0.03628967010839419 Validation Loss: 0.10487493892353048 Time: 353.822217464447 Train Time: 310.46687150001526 Valid Time: 43.35534596443176
2023-08-04 02:36:44,641 Epoch: 51 Training Loss: 0.03569077023051002 Validation Loss: 0.10266361361931241 Time: 348.1478750705719 Train Time: 311.297066450119 Valid Time: 36.85080862045288
2023-08-04 02:42:30,926 Epoch: 52 Training Loss: 0.035517320792106066 Validation Loss: 0.10634998959444818 Time: 346.28212308883667 Train Time: 304.5205144882202 Valid Time: 41.761608600616455
2023-08-04 02:48:22,514 Epoch: 53 Training Loss: 0.03527040542188016 Validation Loss: 0.10667418067653973 Time: 351.5861163139343 Train Time: 309.7086079120636 Valid Time: 41.87750840187073
2023-08-04 02:54:08,644 Epoch: 54 Training Loss: 0.03425228117880496 Validation Loss: 0.10571590704577309 Time: 346.12776947021484 Train Time: 309.82438611984253 Valid Time: 36.303383350372314
2023-08-04 02:59:57,523 Epoch: 55 Training Loss: 0.03333146959543228 Validation Loss: 0.10715039839189519 Time: 348.87536001205444 Train Time: 306.43873596191406 Valid Time: 42.43662405014038
2023-08-04 03:05:49,906 Epoch: 56 Training Loss: 0.032835353633219544 Validation Loss: 0.10718508736875954 Time: 352.3801770210266 Train Time: 309.76642775535583 Valid Time: 42.613749265670776
2023-08-04 03:11:40,110 Epoch: 57 Training Loss: 0.03206827388907021 Validation Loss: 0.1067007789536128 Time: 350.2007601261139 Train Time: 312.8965220451355 Valid Time: 37.304238080978394
2023-08-04 03:17:28,689 Epoch: 58 Training Loss: 0.03172907193276015 Validation Loss: 0.10746429326436507 Time: 348.57632398605347 Train Time: 307.2596814632416 Valid Time: 41.31664252281189
2023-08-04 03:23:16,469 Epoch: 59 Training Loss: 0.034428972107442946 Validation Loss: 0.1054426749192533 Time: 347.776483297348 Train Time: 307.19092321395874 Valid Time: 40.58556008338928
2023-08-04 03:28:56,869 Epoch: 60 Training Loss: 0.0315463387847624 Validation Loss: 0.10718600059706698 Time: 340.3967468738556 Train Time: 306.03784227371216 Valid Time: 34.35890460014343
2023-08-04 03:34:45,686 Epoch: 61 Training Loss: 0.02916477027095177 Validation Loss: 0.10753085016810074 Time: 348.813747882843 Train Time: 307.9894440174103 Valid Time: 40.82430386543274
2023-08-04 03:40:33,037 Epoch: 62 Training Loss: 0.028502985156056555 Validation Loss: 0.1096084360526037 Time: 347.346310377121 Train Time: 306.2698726654053 Valid Time: 41.0764377117157
2023-08-04 03:46:09,604 Epoch: 63 Training Loss: 0.0289351417073472 Validation Loss: 0.10722357152946412 Time: 336.56425523757935 Train Time: 305.5596251487732 Valid Time: 31.004630088806152
2023-08-04 03:51:56,563 Epoch: 64 Training Loss: 0.028750916250388732 Validation Loss: 0.10783731992597934 Time: 346.95511770248413 Train Time: 305.97140669822693 Valid Time: 40.9837110042572
2023-08-04 03:57:44,984 Epoch: 65 Training Loss: 0.027750515736300836 Validation Loss: 0.10762644092005397 Time: 348.4176959991455 Train Time: 306.0545103549957 Valid Time: 42.36318564414978
2023-08-04 04:03:29,316 Epoch: 66 Training Loss: 0.027681073617528786 Validation Loss: 0.11009012300659109 Time: 344.329802274704 Train Time: 310.6995050907135 Valid Time: 33.63029718399048
2023-08-04 04:09:15,304 Epoch: 67 Training Loss: 0.027098811280659652 Validation Loss: 0.10746264820376401 Time: 345.98377656936646 Train Time: 305.2090549468994 Valid Time: 40.77472162246704
2023-08-04 04:15:03,456 Epoch: 68 Training Loss: 0.026230448682538487 Validation Loss: 0.11055007659726673 Time: 348.150714635849 Train Time: 306.9679388999939 Valid Time: 41.1827757358551
2023-08-04 04:20:47,769 Epoch: 69 Training Loss: 0.02646095559847626 Validation Loss: 0.10921924876630622 Time: 344.31008672714233 Train Time: 306.63872933387756 Valid Time: 37.67135739326477
2023-08-04 04:26:32,774 Epoch: 70 Training Loss: 0.026420119609683754 Validation Loss: 0.1095742099972629 Time: 345.001788854599 Train Time: 304.88373351097107 Valid Time: 40.11805534362793
2023-08-04 04:32:19,708 Epoch: 71 Training Loss: 0.025630299918014895 Validation Loss: 0.11029225818458058 Time: 346.9303913116455 Train Time: 305.9194378852844 Valid Time: 41.010953426361084
2023-08-04 04:37:58,545 Epoch: 72 Training Loss: 0.02557818337089636 Validation Loss: 0.11272315923420209 Time: 338.83559346199036 Train Time: 303.21168661117554 Valid Time: 35.62390685081482
2023-08-04 04:43:47,387 Epoch: 73 Training Loss: 0.024668331154706805 Validation Loss: 0.11237261304385447 Time: 348.8398654460907 Train Time: 307.3277213573456 Valid Time: 41.51214408874512
2023-08-04 04:49:31,857 Epoch: 74 Training Loss: 0.024063899286768654 Validation Loss: 0.11010759325806425 Time: 344.46722650527954 Train Time: 302.7385652065277 Valid Time: 41.72866129875183
2023-08-04 04:53:13,236 Epoch: 75 Training Loss: 0.023936201183294707 Validation Loss: 0.113330925149577 Time: 221.3753468990326 Train Time: 199.6732680797577 Valid Time: 21.702078819274902
2023-08-04 04:56:37,158 Epoch: 76 Training Loss: 0.02405009868300774 Validation Loss: 0.11253213519772524 Time: 203.92054653167725 Train Time: 182.54868578910828 Valid Time: 21.37186074256897
2023-08-04 05:00:02,701 Epoch: 77 Training Loss: 0.023280873683027246 Validation Loss: 0.11212294156510363 Time: 205.53972697257996 Train Time: 183.639550447464 Valid Time: 21.900176525115967
2023-08-04 05:03:27,045 Epoch: 78 Training Loss: 0.022555446126921612 Validation Loss: 0.11348138554465204 Time: 204.3393576145172 Train Time: 183.71511054039001 Valid Time: 20.624247074127197
2023-08-04 05:06:51,734 Epoch: 79 Training Loss: 0.022962771945378997 Validation Loss: 0.1120214282126023 Time: 204.68487167358398 Train Time: 182.72978281974792 Valid Time: 21.95508885383606
2023-08-04 05:10:18,010 Epoch: 80 Training Loss: 0.02208032647655769 Validation Loss: 0.11180958977688557 Time: 206.27330613136292 Train Time: 184.3488907814026 Valid Time: 21.924415349960327
2023-08-04 05:13:41,508 Epoch: 81 Training Loss: 0.021750876849347896 Validation Loss: 0.1120412939637111 Time: 203.49660730361938 Train Time: 181.42651629447937 Valid Time: 22.070091009140015
2023-08-04 05:17:05,615 Epoch: 82 Training Loss: 0.02141333982348442 Validation Loss: 0.11416095576037175 Time: 204.1051685810089 Train Time: 182.3378484249115 Valid Time: 21.767320156097412
2023-08-04 05:20:28,668 Epoch: 83 Training Loss: 0.021350555689158765 Validation Loss: 0.11564087587847281 Time: 203.04876804351807 Train Time: 182.33038997650146 Valid Time: 20.7183780670166
2023-08-04 05:23:52,160 Epoch: 84 Training Loss: 0.02106562082401731 Validation Loss: 0.11426629693735213 Time: 203.4884421825409 Train Time: 182.24937772750854 Valid Time: 21.23906445503235
2023-08-04 05:27:16,130 Epoch: 85 Training Loss: 0.020686551962386477 Validation Loss: 0.11401289013564271 Time: 203.96630144119263 Train Time: 182.3457474708557 Valid Time: 21.620553970336914
2023-08-04 05:30:40,065 Epoch: 86 Training Loss: 0.0205292433263226 Validation Loss: 0.11445605013736342 Time: 203.93284010887146 Train Time: 182.40373373031616 Valid Time: 21.529106378555298
2023-08-04 05:34:04,801 Epoch: 87 Training Loss: 0.020634917835281655 Validation Loss: 0.11567586149882388 Time: 204.7327663898468 Train Time: 182.93899822235107 Valid Time: 21.793768167495728
2023-08-04 05:37:29,019 Epoch: 88 Training Loss: 0.020289946118877692 Validation Loss: 0.11419066114636955 Time: 204.21354961395264 Train Time: 181.61272811889648 Valid Time: 22.600821495056152
2023-08-04 05:40:56,075 Epoch: 89 Training Loss: 0.01993056088008664 Validation Loss: 0.11796995534231423 Time: 207.051575422287 Train Time: 184.51397728919983 Valid Time: 22.537598133087158
2023-08-04 05:44:22,554 Epoch: 90 Training Loss: 0.01968675824474882 Validation Loss: 0.11508375652646892 Time: 206.4770224094391 Train Time: 184.5812430381775 Valid Time: 21.895779371261597
2023-08-04 05:47:47,531 Epoch: 91 Training Loss: 0.01908716824583032 Validation Loss: 0.11668102766470935 Time: 204.97388911247253 Train Time: 182.7300899028778 Valid Time: 22.243799209594727
2023-08-04 05:51:11,560 Epoch: 92 Training Loss: 0.018687869025055658 Validation Loss: 0.1180353270321296 Time: 204.02235388755798 Train Time: 182.80494475364685 Valid Time: 21.217409133911133
2023-08-04 05:54:33,885 Epoch: 93 Training Loss: 0.018982041550969535 Validation Loss: 0.11687059059896797 Time: 202.32231068611145 Train Time: 181.74369883537292 Valid Time: 20.578611850738525
2023-08-04 05:57:58,582 Epoch: 94 Training Loss: 0.0188896215622398 Validation Loss: 0.11576546760147842 Time: 204.69393587112427 Train Time: 182.2078137397766 Valid Time: 22.486122131347656
2023-08-04 06:01:22,424 Epoch: 95 Training Loss: 0.01840016974813559 Validation Loss: 0.1185577652126393 Time: 203.83965635299683 Train Time: 182.14881825447083 Valid Time: 21.690838098526
2023-08-04 06:04:46,105 Epoch: 96 Training Loss: 0.018238401628014718 Validation Loss: 0.11685493367689627 Time: 203.67800617218018 Train Time: 181.84585285186768 Valid Time: 21.8321533203125
2023-08-04 06:08:12,622 Epoch: 97 Training Loss: 0.018012124730951408 Validation Loss: 0.11764165392470738 Time: 206.51248908042908 Train Time: 184.02335810661316 Valid Time: 22.489130973815918
2023-08-04 06:11:37,272 Epoch: 98 Training Loss: 0.017735099890692666 Validation Loss: 0.11782386313591685 Time: 204.64623308181763 Train Time: 182.51613306999207 Valid Time: 22.13010001182556
2023-08-04 06:15:03,349 Epoch: 99 Training Loss: 0.027359725975177506 Validation Loss: 0.11247119693844407 Time: 206.07165694236755 Train Time: 184.26903104782104 Valid Time: 21.80262589454651
