2023-08-03 21:24:25,331 Config: {
    "dir": "seg_experiments",
    "epochs": 100,
    "img_size": [
        384,
        640
    ],
    "mastr_root": "/storage/private/student-vicos/MaSTr1325/MaSTr1325_images_512x384",
    "msf_model_path": "/home/ziga/self-mono-sf/checkpoints/modd2/checkpoint_best.ckpt",
    "random_seed": 0,
    "seg_head": "unet",
    "seg_model": "corr",
    "training_batch_size": 2,
    "validation_batch_size": 1
}
2023-08-03 21:24:25,331 Index file: /home/ziga/self-mono-sf/datasets/index_generator/provided/mastr_files.txt
2023-08-03 21:24:25,331 Images root: /storage/private/student-vicos/MaSTr1325/MaSTr1325_images_512x384
2023-08-03 21:24:25,332 Annotations root: /storage/private/student-vicos/MaSTr1325/MaSTr1325_masks_512x384
2023-08-03 21:24:25,333 Number of images: 1325
2023-08-03 21:24:25,440 Number of images: 1289
2023-08-03 21:24:25,441 Number of examples: 1289
2023-08-03 21:24:25,510 Initializing MSRA
2023-08-03 21:24:27,155 Created segmentation model.
2023-08-03 21:27:51,485 Saving model with validation loss 0.27099086225978913
2023-08-03 21:27:51,984 Epoch: 0 Training Loss: 0.3558481904051521 Validation Loss: 0.27099086225978913 Time: 204.2915859222412 Train Time: 175.37610721588135 Valid Time: 28.915478706359863
2023-08-03 21:31:22,823 Saving model with validation loss 0.2012666588028272
2023-08-03 21:31:23,259 Epoch: 1 Training Loss: 0.24205457080494275 Validation Loss: 0.2012666588028272 Time: 210.83662343025208 Train Time: 182.43460655212402 Valid Time: 28.40201687812805
2023-08-03 21:34:54,816 Saving model with validation loss 0.18931123614311218
2023-08-03 21:34:55,425 Epoch: 2 Training Loss: 0.20215289545330134 Validation Loss: 0.18931123614311218 Time: 211.55348825454712 Train Time: 180.50654006004333 Valid Time: 31.046948194503784
2023-08-03 21:38:34,195 Saving model with validation loss 0.1695421783933564
2023-08-03 21:38:34,861 Epoch: 3 Training Loss: 0.18159691862084648 Validation Loss: 0.1695421783933564 Time: 218.76848888397217 Train Time: 189.10567545890808 Valid Time: 29.662813425064087
2023-08-03 21:42:17,558 Saving model with validation loss 0.15616559063789076
2023-08-03 21:42:18,197 Epoch: 4 Training Loss: 0.16471445885571567 Validation Loss: 0.15616559063789076 Time: 222.69392323493958 Train Time: 191.91168451309204 Valid Time: 30.782238721847534
2023-08-03 21:46:05,623 Saving model with validation loss 0.1479451901146344
2023-08-03 21:46:06,372 Epoch: 5 Training Loss: 0.15433027508583935 Validation Loss: 0.1479451901146344 Time: 227.42312836647034 Train Time: 195.77471327781677 Valid Time: 31.648415088653564
2023-08-03 21:49:47,851 Epoch: 6 Training Loss: 0.14637036330320619 Validation Loss: 0.151159478952645 Time: 221.475994348526 Train Time: 191.77284145355225 Valid Time: 29.703152894973755
2023-08-03 21:53:28,560 Epoch: 7 Training Loss: 0.1476467220078815 Validation Loss: 0.14860393509032235 Time: 220.7060992717743 Train Time: 188.4421043395996 Valid Time: 32.26399493217468
2023-08-03 21:57:01,811 Saving model with validation loss 0.14354968398178697
2023-08-03 21:57:02,403 Epoch: 8 Training Loss: 0.13379267860542643 Validation Loss: 0.14354968398178697 Time: 213.24560117721558 Train Time: 182.44546008110046 Valid Time: 30.800141096115112
2023-08-03 22:00:42,454 Saving model with validation loss 0.13595446944236755
2023-08-03 22:00:43,223 Epoch: 9 Training Loss: 0.12595841298049146 Validation Loss: 0.13595446944236755 Time: 220.0434911251068 Train Time: 190.22959923744202 Valid Time: 29.813891887664795
2023-08-03 22:04:22,014 Saving model with validation loss 0.13480461108936834
2023-08-03 22:04:22,691 Epoch: 10 Training Loss: 0.12504005363041704 Validation Loss: 0.13480461108936834 Time: 218.78803825378418 Train Time: 190.2906048297882 Valid Time: 28.49743342399597
2023-08-03 22:07:59,758 Saving model with validation loss 0.13294608193257498
2023-08-03 22:08:00,466 Epoch: 11 Training Loss: 0.12040826347741214 Validation Loss: 0.13294608193257498 Time: 217.06532764434814 Train Time: 187.78274989128113 Valid Time: 29.282577753067017
2023-08-03 22:11:42,291 Saving model with validation loss 0.13258247250917726
2023-08-03 22:11:42,932 Epoch: 12 Training Loss: 0.11506284740838138 Validation Loss: 0.13258247250917726 Time: 221.82299637794495 Train Time: 189.84432411193848 Valid Time: 31.97867226600647
2023-08-03 22:15:25,530 Saving model with validation loss 0.12660817129823265
2023-08-03 22:15:26,160 Epoch: 13 Training Loss: 0.11153146111829715 Validation Loss: 0.12660817129823265 Time: 222.59515714645386 Train Time: 193.00825428962708 Valid Time: 29.586902856826782
2023-08-03 22:19:06,496 Epoch: 14 Training Loss: 0.10900056191466072 Validation Loss: 0.12727393909658075 Time: 220.33389115333557 Train Time: 190.45099449157715 Valid Time: 29.882896661758423
2023-08-03 22:22:41,201 Epoch: 15 Training Loss: 0.10478652230717919 Validation Loss: 0.12942784535821783 Time: 214.70000386238098 Train Time: 184.53687047958374 Valid Time: 30.16313338279724
2023-08-03 22:26:20,819 Epoch: 16 Training Loss: 0.1034139139408415 Validation Loss: 0.1303555161628143 Time: 219.61518120765686 Train Time: 188.75363063812256 Valid Time: 30.8615505695343
2023-08-03 22:30:01,757 Saving model with validation loss 0.12310305616212269
2023-08-03 22:30:02,431 Epoch: 17 Training Loss: 0.11253979150544513 Validation Loss: 0.12310305616212269 Time: 220.93505549430847 Train Time: 189.26217460632324 Valid Time: 31.67288088798523
2023-08-03 22:33:37,863 Epoch: 18 Training Loss: 0.09774338500743562 Validation Loss: 0.13057353381047804 Time: 215.42916345596313 Train Time: 187.9183211326599 Valid Time: 27.510842323303223
2023-08-03 22:37:18,995 Saving model with validation loss 0.12188519904064754
2023-08-03 22:37:19,671 Epoch: 19 Training Loss: 0.09462163203141906 Validation Loss: 0.12188519904064754 Time: 221.12781190872192 Train Time: 192.9610357284546 Valid Time: 28.166776180267334
2023-08-03 22:40:54,841 Epoch: 20 Training Loss: 0.09649725276638162 Validation Loss: 0.12540630280735002 Time: 215.16726851463318 Train Time: 186.0942690372467 Valid Time: 29.072999477386475
2023-08-03 22:44:34,049 Epoch: 21 Training Loss: 0.09482053900984201 Validation Loss: 0.12338667258462578 Time: 219.20405173301697 Train Time: 185.11084651947021 Valid Time: 34.09320521354675
2023-08-03 22:48:13,350 Epoch: 22 Training Loss: 0.08973054276948625 Validation Loss: 0.12535932654189685 Time: 219.29671239852905 Train Time: 187.12429666519165 Valid Time: 32.1724157333374
2023-08-03 22:51:50,501 Epoch: 23 Training Loss: 0.08520244329490445 Validation Loss: 0.12552401447106923 Time: 217.1485333442688 Train Time: 188.27718043327332 Valid Time: 28.871352910995483
2023-08-03 22:55:26,630 Epoch: 24 Training Loss: 0.08358286346901547 Validation Loss: 0.12957465589519532 Time: 216.12565064430237 Train Time: 189.37234950065613 Valid Time: 26.75330114364624
2023-08-03 22:59:07,388 Epoch: 25 Training Loss: 0.08233539327301763 Validation Loss: 0.1300859602670821 Time: 220.75464391708374 Train Time: 191.49057459831238 Valid Time: 29.264069318771362
2023-08-03 23:02:49,103 Epoch: 26 Training Loss: 0.08001021035015583 Validation Loss: 0.1326544955767021 Time: 221.71210169792175 Train Time: 192.76926612854004 Valid Time: 28.942835569381714
2023-08-03 23:06:30,213 Epoch: 27 Training Loss: 0.07874028368429704 Validation Loss: 0.1289721391503773 Time: 221.10728549957275 Train Time: 190.82691955566406 Valid Time: 30.28036594390869
2023-08-03 23:10:05,345 Epoch: 28 Training Loss: 0.07660722374916076 Validation Loss: 0.12815789032786612 Time: 215.12973046302795 Train Time: 185.18059134483337 Valid Time: 29.94913911819458
2023-08-03 23:13:46,116 Epoch: 29 Training Loss: 0.0736136259612712 Validation Loss: 0.13213591803870503 Time: 220.76792287826538 Train Time: 190.45454454421997 Valid Time: 30.31337833404541
2023-08-03 23:17:21,130 Epoch: 30 Training Loss: 0.07908908356997099 Validation Loss: 0.12711031011566915 Time: 215.0103998184204 Train Time: 185.86755514144897 Valid Time: 29.142844676971436
2023-08-03 23:20:58,783 Epoch: 31 Training Loss: 0.07252196379683234 Validation Loss: 0.12966663711679677 Time: 217.64882946014404 Train Time: 190.21108174324036 Valid Time: 27.437747716903687
2023-08-03 23:24:39,895 Epoch: 32 Training Loss: 0.06820092487064275 Validation Loss: 0.133871945202666 Time: 221.10971879959106 Train Time: 191.39254784584045 Valid Time: 29.71717095375061
2023-08-03 23:28:11,853 Epoch: 33 Training Loss: 0.06700194478712299 Validation Loss: 0.13200175795684416 Time: 211.95501351356506 Train Time: 182.5991563796997 Valid Time: 29.355857133865356
2023-08-03 23:31:54,036 Epoch: 34 Training Loss: 0.06605001308701255 Validation Loss: 0.13183768052193853 Time: 222.1801676750183 Train Time: 191.7830512523651 Valid Time: 30.3971164226532
2023-08-03 23:35:29,800 Epoch: 35 Training Loss: 0.06423028781332753 Validation Loss: 0.12927848082922755 Time: 215.76092410087585 Train Time: 185.80337595939636 Valid Time: 29.957548141479492
2023-08-03 23:39:09,107 Epoch: 36 Training Loss: 0.0636204732683572 Validation Loss: 0.13173432161331808 Time: 219.3043429851532 Train Time: 188.66899991035461 Valid Time: 30.635343074798584
2023-08-03 23:42:44,119 Epoch: 37 Training Loss: 0.06149294635111635 Validation Loss: 0.1340976204506304 Time: 215.00921511650085 Train Time: 187.12003803253174 Valid Time: 27.889177083969116
2023-08-03 23:46:15,154 Epoch: 38 Training Loss: 0.0609450985762206 Validation Loss: 0.13418599967130276 Time: 211.03031635284424 Train Time: 183.70240831375122 Valid Time: 27.327908039093018
2023-08-03 23:49:50,026 Epoch: 39 Training Loss: 0.05992551054805517 Validation Loss: 0.13403614500054606 Time: 214.87004137039185 Train Time: 184.8614375591278 Valid Time: 30.008603811264038
2023-08-03 23:53:26,416 Epoch: 40 Training Loss: 0.058028732646595346 Validation Loss: 0.1365341131609899 Time: 216.38618731498718 Train Time: 186.32489562034607 Valid Time: 30.061291694641113
2023-08-03 23:56:59,172 Epoch: 41 Training Loss: 0.056862990114499225 Validation Loss: 0.13627602727640242 Time: 212.75098252296448 Train Time: 185.66018748283386 Valid Time: 27.090795040130615
2023-08-04 00:00:49,940 Epoch: 42 Training Loss: 0.05540207236666571 Validation Loss: 0.13930220848747663 Time: 230.76593255996704 Train Time: 190.41004824638367 Valid Time: 40.355884313583374
2023-08-04 00:04:23,315 Epoch: 43 Training Loss: 0.05458856032991951 Validation Loss: 0.13721570542092046 Time: 213.37170338630676 Train Time: 185.24914455413818 Valid Time: 28.12255883216858
2023-08-04 00:08:00,749 Epoch: 44 Training Loss: 0.05308560606092214 Validation Loss: 0.1370487777447259 Time: 217.4325122833252 Train Time: 188.11772537231445 Valid Time: 29.314786911010742
2023-08-04 00:11:36,556 Epoch: 45 Training Loss: 0.05217635086314245 Validation Loss: 0.13819640634394198 Time: 215.8030321598053 Train Time: 186.60881328582764 Valid Time: 29.19421887397766
2023-08-04 00:15:12,751 Epoch: 46 Training Loss: 0.05120749438350851 Validation Loss: 0.14048206504611743 Time: 216.1918957233429 Train Time: 187.02507305145264 Valid Time: 29.16682267189026
2023-08-04 00:18:49,382 Epoch: 47 Training Loss: 0.05005284600975839 Validation Loss: 0.14058635691328655 Time: 216.62826108932495 Train Time: 184.9123227596283 Valid Time: 31.715938329696655
2023-08-04 00:22:28,153 Epoch: 48 Training Loss: 0.04978602683679624 Validation Loss: 0.1408045956342624 Time: 218.76822876930237 Train Time: 189.7417275905609 Valid Time: 29.026501178741455
2023-08-04 00:26:11,367 Epoch: 49 Training Loss: 0.04854890374636108 Validation Loss: 0.13963345694478857 Time: 223.21229791641235 Train Time: 193.25552248954773 Valid Time: 29.956775426864624
2023-08-04 00:29:44,844 Epoch: 50 Training Loss: 0.047695310447703705 Validation Loss: 0.14061940772823556 Time: 213.47442150115967 Train Time: 184.6477382183075 Valid Time: 28.826683282852173
2023-08-04 00:33:23,912 Epoch: 51 Training Loss: 0.046666216393086046 Validation Loss: 0.14264501453865142 Time: 219.0642535686493 Train Time: 189.60181283950806 Valid Time: 29.462440729141235
2023-08-04 00:36:59,229 Epoch: 52 Training Loss: 0.04579796517775817 Validation Loss: 0.1412651659083114 Time: 215.30879521369934 Train Time: 185.1889295578003 Valid Time: 30.119865655899048
2023-08-04 00:40:40,415 Epoch: 53 Training Loss: 0.045306369560686025 Validation Loss: 0.14319799483689682 Time: 221.18348693847656 Train Time: 188.80951166152954 Valid Time: 32.37397527694702
2023-08-04 00:44:22,021 Epoch: 54 Training Loss: 0.044072189900008114 Validation Loss: 0.14504278518220104 Time: 221.6044979095459 Train Time: 189.81183290481567 Valid Time: 31.792665004730225
2023-08-04 00:47:58,971 Epoch: 55 Training Loss: 0.043563579585064544 Validation Loss: 0.14585446302222196 Time: 216.94737100601196 Train Time: 189.61925411224365 Valid Time: 27.32811689376831
2023-08-04 00:51:39,055 Epoch: 56 Training Loss: 0.04214232994074171 Validation Loss: 0.1454354633217451 Time: 220.08069610595703 Train Time: 190.96540021896362 Valid Time: 29.115295886993408
2023-08-04 00:55:20,940 Epoch: 57 Training Loss: 0.04180065079507503 Validation Loss: 0.1448196723623566 Time: 221.88159847259521 Train Time: 193.259605884552 Valid Time: 28.621992588043213
2023-08-04 00:58:53,400 Epoch: 58 Training Loss: 0.040852670148015024 Validation Loss: 0.14288621433276347 Time: 212.45687103271484 Train Time: 182.16800570487976 Valid Time: 30.288865327835083
2023-08-04 01:02:30,945 Epoch: 59 Training Loss: 0.040602750747718595 Validation Loss: 0.1455188920258214 Time: 217.54090976715088 Train Time: 186.44182133674622 Valid Time: 31.099088430404663
2023-08-04 01:06:08,001 Epoch: 60 Training Loss: 0.03931737054816701 Validation Loss: 0.1454804537709428 Time: 217.05221509933472 Train Time: 186.63989543914795 Valid Time: 30.412319660186768
2023-08-04 01:09:42,932 Epoch: 61 Training Loss: 0.03915758629075505 Validation Loss: 0.1463685818607845 Time: 214.9288682937622 Train Time: 188.05357694625854 Valid Time: 26.875291347503662
2023-08-04 01:13:21,227 Epoch: 62 Training Loss: 0.03816235466436906 Validation Loss: 0.14492733086700793 Time: 218.29326510429382 Train Time: 190.97118091583252 Valid Time: 27.322084188461304
2023-08-04 01:16:57,289 Epoch: 63 Training Loss: 0.03784774360331622 Validation Loss: 0.14295205217662943 Time: 216.05930995941162 Train Time: 186.75904393196106 Valid Time: 29.30026602745056
2023-08-04 01:20:35,680 Epoch: 64 Training Loss: 0.0370428102361885 Validation Loss: 0.14288884870432042 Time: 218.38896012306213 Train Time: 188.64514088630676 Valid Time: 29.74381923675537
2023-08-04 01:24:02,376 Epoch: 65 Training Loss: 0.03705676801841368 Validation Loss: 0.14779280285750115 Time: 206.69138431549072 Train Time: 180.93880105018616 Valid Time: 25.752583265304565
2023-08-04 01:27:23,348 Epoch: 66 Training Loss: 0.035937210236760705 Validation Loss: 0.15024844513683722 Time: 200.96422171592712 Train Time: 176.98620748519897 Valid Time: 23.97801423072815
2023-08-04 01:30:53,379 Epoch: 67 Training Loss: 0.04826689127493988 Validation Loss: 0.13432278164795466 Time: 210.02884578704834 Train Time: 182.38042068481445 Valid Time: 27.648425102233887
2023-08-04 01:34:26,736 Epoch: 68 Training Loss: 0.04067085347392342 Validation Loss: 0.1390915095963806 Time: 213.3532371520996 Train Time: 185.20218968391418 Valid Time: 28.151047468185425
2023-08-04 01:37:48,343 Epoch: 69 Training Loss: 0.03259451232342558 Validation Loss: 0.1451350918837956 Time: 201.60378980636597 Train Time: 174.73801970481873 Valid Time: 26.86577010154724
2023-08-04 01:41:07,376 Epoch: 70 Training Loss: 0.03109167107804255 Validation Loss: 0.14831432037883335 Time: 199.02998280525208 Train Time: 174.9504270553589 Valid Time: 24.07955574989319
2023-08-04 01:44:25,584 Epoch: 71 Training Loss: 0.03126404191959988 Validation Loss: 0.14523663793606734 Time: 198.20600605010986 Train Time: 174.03942394256592 Valid Time: 24.166582107543945
2023-08-04 01:47:38,416 Epoch: 72 Training Loss: 0.03235823597589677 Validation Loss: 0.14648733171757566 Time: 192.82709288597107 Train Time: 168.3717668056488 Valid Time: 24.455326080322266
2023-08-04 01:50:53,432 Epoch: 73 Training Loss: 0.03258295545185154 Validation Loss: 0.151095738072717 Time: 195.01366472244263 Train Time: 172.36967611312866 Valid Time: 22.643988609313965
2023-08-04 01:54:08,497 Epoch: 74 Training Loss: 0.032709220790050245 Validation Loss: 0.1484627543342492 Time: 195.06227803230286 Train Time: 171.97972893714905 Valid Time: 23.08254909515381
2023-08-04 01:57:25,110 Epoch: 75 Training Loss: 0.03230404671620239 Validation Loss: 0.14514807182014303 Time: 196.6084384918213 Train Time: 169.82762455940247 Valid Time: 26.780813932418823
2023-08-04 02:00:39,390 Epoch: 76 Training Loss: 0.03236310891976411 Validation Loss: 0.14832440933222493 Time: 194.27799725532532 Train Time: 170.22696924209595 Valid Time: 24.05102801322937
2023-08-04 02:03:51,455 Epoch: 77 Training Loss: 0.03211728698150678 Validation Loss: 0.14764234494595302 Time: 192.06138277053833 Train Time: 169.7978584766388 Valid Time: 22.263524293899536
2023-08-04 02:07:03,998 Epoch: 78 Training Loss: 0.03163561963222244 Validation Loss: 0.1488829086776133 Time: 192.5407199859619 Train Time: 169.62627053260803 Valid Time: 22.914449453353882
2023-08-04 02:10:16,864 Epoch: 79 Training Loss: 0.03102224159985781 Validation Loss: 0.1489036430520986 Time: 192.8564682006836 Train Time: 168.73295545578003 Valid Time: 24.123512744903564
2023-08-04 02:13:34,166 Epoch: 80 Training Loss: 0.030660672218284824 Validation Loss: 0.1513566765638571 Time: 197.29991602897644 Train Time: 172.75001525878906 Valid Time: 24.549900770187378
2023-08-04 02:16:48,984 Epoch: 81 Training Loss: 0.02973076400939714 Validation Loss: 0.1509053186961898 Time: 194.81511402130127 Train Time: 172.67900276184082 Valid Time: 22.13611125946045
2023-08-04 02:20:03,040 Epoch: 82 Training Loss: 0.029165192691778596 Validation Loss: 0.1513558009629527 Time: 194.0524706840515 Train Time: 170.62871193885803 Valid Time: 23.42375874519348
2023-08-04 02:23:18,099 Epoch: 83 Training Loss: 0.028987933798608454 Validation Loss: 0.15055344064557363 Time: 195.0538718700409 Train Time: 171.18652033805847 Valid Time: 23.867351531982422
2023-08-04 02:26:34,734 Epoch: 84 Training Loss: 0.030028058160096408 Validation Loss: 0.1453298997311365 Time: 196.63132882118225 Train Time: 170.6448884010315 Valid Time: 25.986440420150757
2023-08-04 02:29:50,666 Epoch: 85 Training Loss: 0.029882018904794347 Validation Loss: 0.15020835845085678 Time: 195.92950177192688 Train Time: 171.7953884601593 Valid Time: 24.134113311767578
2023-08-04 02:33:05,956 Epoch: 86 Training Loss: 0.028121703834357588 Validation Loss: 0.15456587872492572 Time: 195.28497910499573 Train Time: 172.33120131492615 Valid Time: 22.95377779006958
2023-08-04 02:36:19,882 Epoch: 87 Training Loss: 0.027168040421198716 Validation Loss: 0.14993042898950754 Time: 193.92293190956116 Train Time: 170.30304598808289 Valid Time: 23.61988592147827
2023-08-04 02:39:35,509 Epoch: 88 Training Loss: 0.027034121292897246 Validation Loss: 0.1524101542062545 Time: 195.62289810180664 Train Time: 171.53352618217468 Valid Time: 24.089371919631958
2023-08-04 02:42:48,163 Epoch: 89 Training Loss: 0.027293883159079334 Validation Loss: 0.1517966343533425 Time: 192.65105891227722 Train Time: 169.87112545967102 Valid Time: 22.7799334526062
2023-08-04 02:45:58,320 Epoch: 90 Training Loss: 0.027171711239286446 Validation Loss: 0.15471324545365792 Time: 190.14841842651367 Train Time: 168.39234137535095 Valid Time: 21.75607705116272
2023-08-04 02:49:11,464 Epoch: 91 Training Loss: 0.026624063065444882 Validation Loss: 0.15682402659187872 Time: 193.14129447937012 Train Time: 169.22512459754944 Valid Time: 23.91616988182068
2023-08-04 02:52:23,602 Epoch: 92 Training Loss: 0.02607964230531996 Validation Loss: 0.1543338676845586 Time: 192.13606190681458 Train Time: 167.99800729751587 Valid Time: 24.138054609298706
2023-08-04 02:55:35,923 Epoch: 93 Training Loss: 0.026086853810332038 Validation Loss: 0.15390676673915651 Time: 192.3174479007721 Train Time: 169.88418078422546 Valid Time: 22.43326711654663
2023-08-04 02:58:48,996 Epoch: 94 Training Loss: 0.02588053703138774 Validation Loss: 0.1561884898593817 Time: 193.07069540023804 Train Time: 169.13759088516235 Valid Time: 23.933104515075684
2023-08-04 03:02:05,341 Epoch: 95 Training Loss: 0.025452166272496635 Validation Loss: 0.15270100051054247 Time: 196.34150433540344 Train Time: 172.34666347503662 Valid Time: 23.99484086036682
2023-08-04 03:05:20,460 Epoch: 96 Training Loss: 0.024855377472598444 Validation Loss: 0.15267572417934105 Time: 195.1147804260254 Train Time: 169.66885256767273 Valid Time: 25.44592785835266
2023-08-04 03:08:39,751 Epoch: 97 Training Loss: 0.02464579051021825 Validation Loss: 0.15837805282580789 Time: 199.28382468223572 Train Time: 175.07852029800415 Valid Time: 24.205304384231567
2023-08-04 03:11:58,525 Epoch: 98 Training Loss: 0.024418413308872417 Validation Loss: 0.1576280647090503 Time: 198.7718997001648 Train Time: 174.81594109535217 Valid Time: 23.955958604812622
2023-08-04 03:15:12,154 Epoch: 99 Training Loss: 0.024221532734280283 Validation Loss: 0.15919427611130885 Time: 193.6260871887207 Train Time: 170.24427795410156 Valid Time: 23.38180923461914
