2023-08-03 21:21:25,823 Config: {
    "dir": "seg_experiments",
    "epochs": 100,
    "img_size": [
        384,
        640
    ],
    "mastr_root": "/storage/private/student-vicos/MaSTr1325/MaSTr1325_images_512x384",
    "msf_model_path": "/home/ziga/self-mono-sf/checkpoints/modd2/checkpoint_best.ckpt",
    "random_seed": 0,
    "seg_head": "unet",
    "seg_model": "no_corr",
    "training_batch_size": 2,
    "validation_batch_size": 1
}
2023-08-03 21:21:25,823 Index file: /home/ziga/self-mono-sf/datasets/index_generator/provided/mastr_files.txt
2023-08-03 21:21:25,824 Images root: /storage/private/student-vicos/MaSTr1325/MaSTr1325_images_512x384
2023-08-03 21:21:25,825 Annotations root: /storage/private/student-vicos/MaSTr1325/MaSTr1325_masks_512x384
2023-08-03 21:21:25,826 Number of images: 1325
2023-08-03 21:21:26,163 Number of images: 1289
2023-08-03 21:21:26,163 Number of examples: 1289
2023-08-03 21:21:26,244 Initializing MSRA
2023-08-03 21:21:27,847 Created segmentation model.
2023-08-03 21:26:01,557 Saving model with validation loss 0.2790353261131458
2023-08-03 21:26:02,085 Epoch: 0 Training Loss: 0.35064541803164917 Validation Loss: 0.2790353261131458 Time: 273.6839623451233 Train Time: 227.7243390083313 Valid Time: 45.95962333679199
2023-08-03 21:30:27,429 Saving model with validation loss 0.2576050048782712
2023-08-03 21:30:27,817 Epoch: 1 Training Loss: 0.27136332790959966 Validation Loss: 0.2576050048782712 Time: 265.3418164253235 Train Time: 218.16004991531372 Valid Time: 47.181766510009766
2023-08-03 21:34:59,656 Saving model with validation loss 0.24157776813658458
2023-08-03 21:35:00,285 Epoch: 2 Training Loss: 0.25087229826233604 Validation Loss: 0.24157776813658458 Time: 271.8371272087097 Train Time: 230.59178495407104 Valid Time: 41.24534225463867
2023-08-03 21:39:47,157 Saving model with validation loss 0.23878725756097724
2023-08-03 21:39:47,794 Epoch: 3 Training Loss: 0.23771937478672375 Validation Loss: 0.23878725756097724 Time: 286.8692910671234 Train Time: 234.0450038909912 Valid Time: 52.8242871761322
2023-08-03 21:44:26,037 Saving model with validation loss 0.22549031840430367
2023-08-03 21:44:26,717 Epoch: 4 Training Loss: 0.22858503477139908 Validation Loss: 0.22549031840430367 Time: 278.23537945747375 Train Time: 226.1926703453064 Valid Time: 52.04270911216736
2023-08-03 21:49:04,215 Epoch: 5 Training Loss: 0.21649147667668084 Validation Loss: 0.23566893499995034 Time: 277.4957056045532 Train Time: 226.15803289413452 Valid Time: 51.3376727104187
2023-08-03 21:53:42,260 Saving model with validation loss 0.21488331506649652
2023-08-03 21:53:42,938 Epoch: 6 Training Loss: 0.21143077573992988 Validation Loss: 0.21488331506649652 Time: 278.0426330566406 Train Time: 236.36814951896667 Valid Time: 41.67448353767395
2023-08-03 21:58:27,588 Epoch: 7 Training Loss: 0.2065773357586427 Validation Loss: 0.22070501677731358 Time: 284.6483075618744 Train Time: 235.0288212299347 Valid Time: 49.6194863319397
2023-08-03 22:03:04,274 Saving model with validation loss 0.2134016677737236
2023-08-03 22:03:04,917 Epoch: 8 Training Loss: 0.20003160602667114 Validation Loss: 0.2134016677737236 Time: 276.68425488471985 Train Time: 226.98245215415955 Valid Time: 49.7018027305603
2023-08-03 22:07:36,020 Saving model with validation loss 0.21181798493736004
2023-08-03 22:07:36,793 Epoch: 9 Training Loss: 0.18999977021054787 Validation Loss: 0.21181798493736004 Time: 271.10098934173584 Train Time: 219.21705389022827 Valid Time: 51.88393545150757
2023-08-03 22:12:14,492 Saving model with validation loss 0.20402232135729814
2023-08-03 22:12:15,132 Epoch: 10 Training Loss: 0.1843478728153489 Validation Loss: 0.20402232135729814 Time: 277.6962411403656 Train Time: 233.9361584186554 Valid Time: 43.760082721710205
2023-08-03 22:17:08,715 Epoch: 11 Training Loss: 0.18221578148278322 Validation Loss: 0.21446665612951157 Time: 293.5812876224518 Train Time: 240.6524519920349 Valid Time: 52.92883563041687
2023-08-03 22:21:39,470 Saving model with validation loss 0.20204112186002984
2023-08-03 22:21:40,070 Epoch: 12 Training Loss: 0.1774252406575463 Validation Loss: 0.20204112186002984 Time: 270.75220799446106 Train Time: 223.5047905445099 Valid Time: 47.24741744995117
2023-08-03 22:26:17,245 Epoch: 13 Training Loss: 0.17173902693119916 Validation Loss: 0.20965591155820423 Time: 277.1725432872772 Train Time: 225.559574842453 Valid Time: 51.61296844482422
2023-08-03 22:30:56,005 Epoch: 14 Training Loss: 0.16868748414245519 Validation Loss: 0.2076356086150679 Time: 278.7533829212189 Train Time: 229.950510263443 Valid Time: 48.80287265777588
2023-08-03 22:35:43,075 Epoch: 15 Training Loss: 0.16023222595453263 Validation Loss: 0.20251209939283038 Time: 287.06753754615784 Train Time: 240.64536690711975 Valid Time: 46.422170639038086
2023-08-03 22:40:21,182 Epoch: 16 Training Loss: 0.15864154517650605 Validation Loss: 0.20288961045641116 Time: 278.1044957637787 Train Time: 228.7467782497406 Valid Time: 49.357717514038086
2023-08-03 22:44:53,739 Epoch: 17 Training Loss: 0.15280097196047956 Validation Loss: 0.20322758818744982 Time: 272.553174495697 Train Time: 219.84772896766663 Valid Time: 52.705445528030396
2023-08-03 22:49:25,487 Saving model with validation loss 0.19813573494474723
2023-08-03 22:49:26,193 Epoch: 18 Training Loss: 0.14996801555156708 Validation Loss: 0.19813573494474723 Time: 271.74473452568054 Train Time: 220.24618077278137 Valid Time: 51.49855375289917
2023-08-03 22:54:08,092 Epoch: 19 Training Loss: 0.14433070707050236 Validation Loss: 0.20463813671832362 Time: 281.89704728126526 Train Time: 238.2242910861969 Valid Time: 43.67275619506836
2023-08-03 22:58:55,689 Epoch: 20 Training Loss: 0.1441475693204186 Validation Loss: 0.20451396833809596 Time: 287.5943522453308 Train Time: 234.7856798171997 Valid Time: 52.8086724281311
2023-08-03 23:03:31,442 Epoch: 21 Training Loss: 0.14215828195214272 Validation Loss: 0.20792050336403822 Time: 275.750691652298 Train Time: 224.4224352836609 Valid Time: 51.328256368637085
2023-08-03 23:08:06,279 Epoch: 22 Training Loss: 0.1343440050428564 Validation Loss: 0.20497543356879047 Time: 274.83411598205566 Train Time: 224.64260745048523 Valid Time: 50.191508531570435
2023-08-03 23:12:41,122 Epoch: 23 Training Loss: 0.1317062724449418 Validation Loss: 0.20903100901179844 Time: 274.8406867980957 Train Time: 236.28423476219177 Valid Time: 38.55645203590393
2023-08-03 23:17:30,184 Epoch: 24 Training Loss: 0.13497401546348226 Validation Loss: 0.2004058456846646 Time: 289.05779004096985 Train Time: 239.98410987854004 Valid Time: 49.07368016242981
2023-08-03 23:22:04,671 Epoch: 25 Training Loss: 0.12604636860164728 Validation Loss: 0.20352777826880653 Time: 274.4836905002594 Train Time: 223.93970584869385 Valid Time: 50.54398465156555
2023-08-03 23:26:37,004 Epoch: 26 Training Loss: 0.12176155112006448 Validation Loss: 0.2121355386165084 Time: 272.32989501953125 Train Time: 223.41759610176086 Valid Time: 48.912298917770386
2023-08-03 23:31:15,232 Epoch: 27 Training Loss: 0.12083082952282645 Validation Loss: 0.20624191077455642 Time: 278.2255198955536 Train Time: 236.21492767333984 Valid Time: 42.010592222213745
2023-08-03 23:36:04,885 Epoch: 28 Training Loss: 0.11732982793992217 Validation Loss: 0.20293719715699948 Time: 289.65027141571045 Train Time: 237.97449851036072 Valid Time: 51.67577290534973
2023-08-03 23:40:40,947 Epoch: 29 Training Loss: 0.11475343587723645 Validation Loss: 0.20631392079370994 Time: 276.055543422699 Train Time: 225.3493435382843 Valid Time: 50.70619988441467
2023-08-03 23:45:10,749 Epoch: 30 Training Loss: 0.12543070244518192 Validation Loss: 0.20224185768889372 Time: 269.7973539829254 Train Time: 219.85580611228943 Valid Time: 49.941547870635986
2023-08-03 23:49:42,098 Epoch: 31 Training Loss: 0.1113396549902179 Validation Loss: 0.2031932079760486 Time: 271.3474133014679 Train Time: 227.69998574256897 Valid Time: 43.647427558898926
2023-08-03 23:54:32,266 Epoch: 32 Training Loss: 0.10774197315627879 Validation Loss: 0.2009759846108931 Time: 290.1647756099701 Train Time: 239.84893345832825 Valid Time: 50.315842151641846
2023-08-03 23:59:04,796 Epoch: 33 Training Loss: 0.10524469446052205 Validation Loss: 0.20747848690817597 Time: 272.52729082107544 Train Time: 222.14395666122437 Valid Time: 50.383334159851074
2023-08-04 00:03:39,751 Epoch: 34 Training Loss: 0.10429610109464689 Validation Loss: 0.20496093812916014 Time: 274.952454328537 Train Time: 225.93086552619934 Valid Time: 49.02158880233765
2023-08-04 00:08:14,293 Epoch: 35 Training Loss: 0.10211902684108777 Validation Loss: 0.209516272343025 Time: 274.53889513015747 Train Time: 226.68309211730957 Valid Time: 47.8558030128479
2023-08-04 00:12:58,091 Epoch: 36 Training Loss: 0.10152447906407443 Validation Loss: 0.21290701052183827 Time: 283.79637908935547 Train Time: 239.1912362575531 Valid Time: 44.60514283180237
2023-08-04 00:17:32,508 Epoch: 37 Training Loss: 0.10200470602647825 Validation Loss: 0.21735541845755602 Time: 274.4143397808075 Train Time: 224.84194612503052 Valid Time: 49.57239365577698
2023-08-04 00:22:09,220 Epoch: 38 Training Loss: 0.0975333655151454 Validation Loss: 0.21216621793924817 Time: 276.7080993652344 Train Time: 226.6996898651123 Valid Time: 50.00840950012207
2023-08-04 00:26:47,345 Epoch: 39 Training Loss: 0.09518589556894519 Validation Loss: 0.21806042862159233 Time: 278.1231827735901 Train Time: 227.51924228668213 Valid Time: 50.60394048690796
2023-08-04 00:31:25,015 Epoch: 40 Training Loss: 0.09478984141891653 Validation Loss: 0.21591408669002474 Time: 277.6680040359497 Train Time: 235.16079998016357 Valid Time: 42.50720405578613
2023-08-04 00:36:06,676 Epoch: 41 Training Loss: 0.0925227540595965 Validation Loss: 0.20897791920988648 Time: 281.65827894210815 Train Time: 232.53437089920044 Valid Time: 49.123908042907715
2023-08-04 00:40:41,539 Epoch: 42 Training Loss: 0.09104936242780902 Validation Loss: 0.2185206146782668 Time: 274.86059165000916 Train Time: 222.58845448493958 Valid Time: 52.27213716506958
2023-08-04 00:45:16,253 Epoch: 43 Training Loss: 0.08950974075631662 Validation Loss: 0.21370262916756685 Time: 274.71106123924255 Train Time: 225.32019448280334 Valid Time: 49.39086675643921
2023-08-04 00:49:55,590 Epoch: 44 Training Loss: 0.08746628637340936 Validation Loss: 0.2157908095017312 Time: 279.33431243896484 Train Time: 240.60655689239502 Valid Time: 38.727755546569824
2023-08-04 00:54:44,307 Epoch: 45 Training Loss: 0.08609625623984771 Validation Loss: 0.2132206457474875 Time: 288.7144134044647 Train Time: 240.1788272857666 Valid Time: 48.53558611869812
2023-08-04 00:59:13,533 Epoch: 46 Training Loss: 0.0857151732864705 Validation Loss: 0.2129453299222169 Time: 269.2233603000641 Train Time: 219.3348467350006 Valid Time: 49.88851356506348
2023-08-04 01:03:48,804 Epoch: 47 Training Loss: 0.08426058977842331 Validation Loss: 0.22431245225447197 Time: 275.2687318325043 Train Time: 222.45281267166138 Valid Time: 52.815919160842896
2023-08-04 01:08:22,669 Epoch: 48 Training Loss: 0.08295611301606352 Validation Loss: 0.22024317818974692 Time: 273.85798263549805 Train Time: 234.58470106124878 Valid Time: 39.27328157424927
2023-08-04 01:13:10,184 Epoch: 49 Training Loss: 0.08092875225977464 Validation Loss: 0.2221274515860295 Time: 287.51266837120056 Train Time: 238.24035120010376 Valid Time: 49.2723171710968
2023-08-04 01:17:44,077 Epoch: 50 Training Loss: 0.08115164484490048 Validation Loss: 0.217621970704939 Time: 273.8900685310364 Train Time: 223.02337551116943 Valid Time: 50.86669301986694
2023-08-04 01:22:14,280 Epoch: 51 Training Loss: 0.07829349074851383 Validation Loss: 0.22403936789780066 Time: 270.2003710269928 Train Time: 220.3975076675415 Valid Time: 49.802863359451294
2023-08-04 01:26:40,190 Epoch: 52 Training Loss: 0.07707893362776799 Validation Loss: 0.22397636460564124 Time: 265.90713930130005 Train Time: 224.08694005012512 Valid Time: 41.82019925117493
2023-08-04 01:31:27,058 Epoch: 53 Training Loss: 0.07590944638306445 Validation Loss: 0.22012155108823978 Time: 286.8633842468262 Train Time: 237.54915380477905 Valid Time: 49.31423044204712
2023-08-04 01:35:54,821 Epoch: 54 Training Loss: 0.07490987197242 Validation Loss: 0.2281010921985384 Time: 267.76136898994446 Train Time: 220.70219826698303 Valid Time: 47.059170722961426
2023-08-04 01:40:16,710 Epoch: 55 Training Loss: 0.07332291706041856 Validation Loss: 0.22067744135068207 Time: 261.88577818870544 Train Time: 214.4472336769104 Valid Time: 47.438544511795044
2023-08-04 01:44:38,847 Epoch: 56 Training Loss: 0.07279550983824513 Validation Loss: 0.22329572328026331 Time: 262.1353552341461 Train Time: 222.9632706642151 Valid Time: 39.17208456993103
2023-08-04 01:49:14,820 Epoch: 57 Training Loss: 0.07157509087161584 Validation Loss: 0.2335859835936279 Time: 275.9700846672058 Train Time: 229.39755940437317 Valid Time: 46.57252526283264
2023-08-04 01:53:32,673 Epoch: 58 Training Loss: 0.07043071201579137 Validation Loss: 0.23193107710944283 Time: 257.8506529331207 Train Time: 210.94032311439514 Valid Time: 46.910329818725586
2023-08-04 01:57:50,422 Epoch: 59 Training Loss: 0.0694246943295002 Validation Loss: 0.22796489791106925 Time: 257.7468008995056 Train Time: 208.99549889564514 Valid Time: 48.751302003860474
2023-08-04 02:02:07,149 Epoch: 60 Training Loss: 0.06818687359040433 Validation Loss: 0.23044302953141077 Time: 256.7250545024872 Train Time: 218.48764157295227 Valid Time: 38.23741292953491
2023-08-04 02:06:41,567 Epoch: 61 Training Loss: 0.0678981384567239 Validation Loss: 0.2316134718675462 Time: 274.41612458229065 Train Time: 227.74705147743225 Valid Time: 46.6690731048584
2023-08-04 02:10:57,825 Epoch: 62 Training Loss: 0.06649230010130189 Validation Loss: 0.23293042786064602 Time: 256.2496120929718 Train Time: 209.33374047279358 Valid Time: 46.91587162017822
2023-08-04 02:15:14,663 Epoch: 63 Training Loss: 0.06535961048846894 Validation Loss: 0.24046242631301679 Time: 256.8360917568207 Train Time: 210.90019178390503 Valid Time: 45.93589997291565
2023-08-04 02:19:34,048 Epoch: 64 Training Loss: 0.06459256712685932 Validation Loss: 0.23229241051844188 Time: 259.383052110672 Train Time: 219.38308763504028 Valid Time: 39.999964475631714
2023-08-04 02:24:07,430 Epoch: 65 Training Loss: 0.06361988677558574 Validation Loss: 0.2281704349492593 Time: 273.3792655467987 Train Time: 228.439049243927 Valid Time: 44.940216302871704
2023-08-04 02:28:26,597 Epoch: 66 Training Loss: 0.06307719693942504 Validation Loss: 0.22728500542817293 Time: 259.1631872653961 Train Time: 212.6501326560974 Valid Time: 46.513054609298706
2023-08-04 02:32:45,393 Epoch: 67 Training Loss: 0.06251595308834856 Validation Loss: 0.23820818755677137 Time: 258.79336881637573 Train Time: 213.89774870872498 Valid Time: 44.89562010765076
2023-08-04 02:37:03,969 Epoch: 68 Training Loss: 0.06098907022990964 Validation Loss: 0.24113566503322945 Time: 258.5737781524658 Train Time: 219.59521889686584 Valid Time: 38.978559255599976
2023-08-04 02:41:36,814 Epoch: 69 Training Loss: 0.05980436737564477 Validation Loss: 0.23893492369267044 Time: 272.842333316803 Train Time: 226.31428241729736 Valid Time: 46.528050899505615
2023-08-04 02:45:50,949 Epoch: 70 Training Loss: 0.05898275036026131 Validation Loss: 0.23672682756469363 Time: 254.13077306747437 Train Time: 208.67452120780945 Valid Time: 45.45625185966492
2023-08-04 02:50:06,113 Epoch: 71 Training Loss: 0.05822425792163068 Validation Loss: 0.2386027331311236 Time: 255.16186690330505 Train Time: 210.40926361083984 Valid Time: 44.75260329246521
2023-08-04 02:54:24,332 Epoch: 72 Training Loss: 0.058459851132197815 Validation Loss: 0.2461186876057317 Time: 258.2163393497467 Train Time: 220.51503562927246 Valid Time: 37.70130372047424
2023-08-04 02:58:56,446 Epoch: 73 Training Loss: 0.05729144480756738 Validation Loss: 0.24158770133736274 Time: 272.1126425266266 Train Time: 225.95416116714478 Valid Time: 46.15848135948181
2023-08-04 03:03:13,875 Epoch: 74 Training Loss: 0.05604489674961025 Validation Loss: 0.23902338002093884 Time: 257.42647790908813 Train Time: 213.12988948822021 Valid Time: 44.29658842086792
2023-08-04 03:07:34,940 Epoch: 75 Training Loss: 0.055354515571485866 Validation Loss: 0.24534117036237918 Time: 261.0627839565277 Train Time: 214.35381746292114 Valid Time: 46.70896649360657
2023-08-04 03:11:56,842 Epoch: 76 Training Loss: 0.054399504766545516 Validation Loss: 0.24349965474435262 Time: 261.8992178440094 Train Time: 223.92236733436584 Valid Time: 37.976850509643555
2023-08-04 03:16:27,984 Epoch: 77 Training Loss: 0.05359096129848198 Validation Loss: 0.24301429928610566 Time: 271.1394371986389 Train Time: 226.41220903396606 Valid Time: 44.72722816467285
2023-08-04 03:20:42,849 Epoch: 78 Training Loss: 0.053242890445346185 Validation Loss: 0.24565199175208965 Time: 254.8621687889099 Train Time: 209.84876608848572 Valid Time: 45.013402700424194
2023-08-04 03:24:52,219 Epoch: 79 Training Loss: 0.05181228020990437 Validation Loss: 0.24592800111209273 Time: 249.3682599067688 Train Time: 205.30921697616577 Valid Time: 44.05904293060303
2023-08-04 03:29:05,409 Epoch: 80 Training Loss: 0.0510430865904147 Validation Loss: 0.2536785226098444 Time: 253.1874372959137 Train Time: 219.63457703590393 Valid Time: 33.552860260009766
2023-08-04 03:33:34,055 Epoch: 81 Training Loss: 0.0504023533991792 Validation Loss: 0.25159426128107404 Time: 268.63941836357117 Train Time: 223.90027260780334 Valid Time: 44.73914575576782
2023-08-04 03:37:45,589 Epoch: 82 Training Loss: 0.04992551056837494 Validation Loss: 0.24849691774163926 Time: 251.53102946281433 Train Time: 206.98512649536133 Valid Time: 44.545902967453
2023-08-04 03:41:56,863 Epoch: 83 Training Loss: 0.04937464769252322 Validation Loss: 0.2502139293091007 Time: 251.26984667778015 Train Time: 207.03762102127075 Valid Time: 44.2322256565094
2023-08-04 03:46:10,683 Epoch: 84 Training Loss: 0.04900893714956262 Validation Loss: 0.25410733127562457 Time: 253.8167588710785 Train Time: 222.3742480278015 Valid Time: 31.442510843276978
2023-08-04 03:50:39,907 Epoch: 85 Training Loss: 0.048008457110686735 Validation Loss: 0.2513290480883033 Time: 269.2226445674896 Train Time: 223.4065682888031 Valid Time: 45.81607627868652
2023-08-04 03:54:49,414 Epoch: 86 Training Loss: 0.05846383522518656 Validation Loss: 0.24220736963408335 Time: 249.50365662574768 Train Time: 206.0697362422943 Valid Time: 43.43392038345337
2023-08-04 03:59:03,678 Epoch: 87 Training Loss: 0.047445294775746084 Validation Loss: 0.24329814957405524 Time: 254.26220035552979 Train Time: 209.34661746025085 Valid Time: 44.91558289527893
2023-08-04 04:03:22,728 Epoch: 88 Training Loss: 0.043042606806213204 Validation Loss: 0.250274871510488 Time: 259.04612922668457 Train Time: 225.7361249923706 Valid Time: 33.310004234313965
2023-08-04 04:07:46,540 Epoch: 89 Training Loss: 0.04229256781326099 Validation Loss: 0.2546328334975495 Time: 263.80802965164185 Train Time: 219.62911796569824 Valid Time: 44.1789116859436
2023-08-04 04:11:56,807 Epoch: 90 Training Loss: 0.04307889166203412 Validation Loss: 0.25111297159283247 Time: 250.26184487342834 Train Time: 205.96849822998047 Valid Time: 44.293346643447876
2023-08-04 04:16:09,914 Epoch: 91 Training Loss: 0.0436749976162206 Validation Loss: 0.2532696895419605 Time: 253.1017291545868 Train Time: 209.19782209396362 Valid Time: 43.90390706062317
2023-08-04 04:20:36,101 Epoch: 92 Training Loss: 0.04344145637682893 Validation Loss: 0.2506905983758982 Time: 266.183513879776 Train Time: 225.17828488349915 Valid Time: 41.005228996276855
2023-08-04 04:24:56,324 Epoch: 93 Training Loss: 0.043563108833676034 Validation Loss: 0.25402187386517805 Time: 260.2201828956604 Train Time: 216.81151366233826 Valid Time: 43.408669233322144
2023-08-04 04:29:08,789 Epoch: 94 Training Loss: 0.04933239274404266 Validation Loss: 0.2546094596859009 Time: 252.46206831932068 Train Time: 206.7862572669983 Valid Time: 45.67581105232239
2023-08-04 04:33:21,102 Epoch: 95 Training Loss: 0.0462120905416933 Validation Loss: 0.2528392970956192 Time: 252.30926084518433 Train Time: 208.34440183639526 Valid Time: 43.96485900878906
2023-08-04 04:37:41,539 Epoch: 96 Training Loss: 0.04256524866277521 Validation Loss: 0.25670443455535896 Time: 260.43303894996643 Train Time: 222.9226417541504 Valid Time: 37.51039719581604
2023-08-04 04:42:01,282 Epoch: 97 Training Loss: 0.039233746731823144 Validation Loss: 0.2554252897463148 Time: 259.74092173576355 Train Time: 216.57944130897522 Valid Time: 43.16148042678833
2023-08-04 04:46:10,536 Epoch: 98 Training Loss: 0.03938679555261677 Validation Loss: 0.25888620537740215 Time: 249.25106167793274 Train Time: 206.0320053100586 Valid Time: 43.219056367874146
2023-08-04 04:50:22,414 Epoch: 99 Training Loss: 0.03974543786523017 Validation Loss: 0.2548676876242829 Time: 251.8738830089569 Train Time: 206.67913269996643 Valid Time: 45.19475030899048
